
Circuit 1 cell pfet_03v3 and Circuit 2 cell pfet_03v3 are black boxes.
Warning: Equate pins:  cell pfet_03v3 is a placeholder, treated as a black box.
Warning: Equate pins:  cell pfet_03v3 is a placeholder, treated as a black box.

Subcircuit pins:
Circuit 1: pfet_03v3                       |Circuit 2: pfet_03v3                       
-------------------------------------------|-------------------------------------------
1                                          |1                                          
2                                          |2                                          
3                                          |3                                          
4                                          |4                                          
---------------------------------------------------------------------------------------
Cell pin lists are equivalent.
Device classes pfet_03v3 and pfet_03v3 are equivalent.

Circuit 1 cell nfet_03v3 and Circuit 2 cell nfet_03v3 are black boxes.
Warning: Equate pins:  cell nfet_03v3 is a placeholder, treated as a black box.
Warning: Equate pins:  cell nfet_03v3 is a placeholder, treated as a black box.

Subcircuit pins:
Circuit 1: nfet_03v3                       |Circuit 2: nfet_03v3                       
-------------------------------------------|-------------------------------------------
1                                          |1                                          
2                                          |2                                          
3                                          |3                                          
4                                          |4                                          
---------------------------------------------------------------------------------------
Cell pin lists are equivalent.
Device classes nfet_03v3 and nfet_03v3 are equivalent.

Circuit 1 cell cap_mim_2f0_m4m5_noshield and Circuit 2 cell cap_mim_2f0fF are black boxes.
Warning: Equate pins:  cell cap_mim_2f0_m4m5_noshield is a placeholder, treated as a black box.
Warning: Equate pins:  cell cap_mim_2f0fF is a placeholder, treated as a black box.

Subcircuit pins:
Circuit 1: cap_mim_2f0_m4m5_noshield       |Circuit 2: cap_mim_2f0fF                   
-------------------------------------------|-------------------------------------------
1                                          |1                                          
2                                          |2                                          
---------------------------------------------------------------------------------------
Cell pin lists are equivalent.
Device classes cap_mim_2f0_m4m5_noshield and cap_mim_2f0fF are equivalent.
Flattening unmatched subcell pfet in circuit not$3 (0)(1 instance)
Flattening unmatched subcell nfet in circuit not$3 (0)(1 instance)

Subcircuit summary:
Circuit 1: not$3                           |Circuit 2: not                             
-------------------------------------------|-------------------------------------------
pfet_03v3 (1)                              |pfet_03v3 (1)                              
nfet_03v3 (1)                              |nfet_03v3 (1)                              
Number of devices: 2                       |Number of devices: 2                       
Number of nets: 4                          |Number of nets: 4                          
---------------------------------------------------------------------------------------
Netlists match uniquely.

Subcircuit pins:
Circuit 1: not$3                           |Circuit 2: not                             
-------------------------------------------|-------------------------------------------
out                                        |out                                        
in                                         |in                                         
vdd                                        |vdd                                        
vss                                        |vss                                        
---------------------------------------------------------------------------------------
Cell pin lists are equivalent.
Device classes not$3 and not are equivalent.
Flattening unmatched subcell pfet$2 in circuit nand$1 (0)(1 instance)
Flattening unmatched subcell nfet$1 in circuit nand$1 (0)(1 instance)
Flattening unmatched subcell pfet$3 in circuit nand$1 (0)(1 instance)
Flattening unmatched subcell nfet$2 in circuit nand$1 (0)(1 instance)

Subcircuit summary:
Circuit 1: nand$1                          |Circuit 2: nand                            
-------------------------------------------|-------------------------------------------
pfet_03v3 (2)                              |pfet_03v3 (2)                              
nfet_03v3 (2)                              |nfet_03v3 (2)                              
Number of devices: 4                       |Number of devices: 4                       
Number of nets: 6                          |Number of nets: 6                          
---------------------------------------------------------------------------------------
Netlists match uniquely.

Subcircuit pins:
Circuit 1: nand$1                          |Circuit 2: nand                            
-------------------------------------------|-------------------------------------------
Z                                          |Z                                          
vss                                        |vss                                        
vdd                                        |vdd                                        
B                                          |B                                          
A                                          |A                                          
---------------------------------------------------------------------------------------
Cell pin lists are equivalent.
Device classes nand$1 and nand are equivalent.
Flattening unmatched subcell pfet$19 in circuit ota_1stage$1 (0)(2 instances)
Flattening unmatched subcell nfet$32 in circuit ota_1stage$1 (0)(2 instances)
Flattening unmatched subcell nfet$30 in circuit ota_1stage$1 (0)(1 instance)
Flattening unmatched subcell nfet$31 in circuit ota_1stage$1 (0)(2 instances)

Subcircuit summary:
Circuit 1: ota_1stage$1                    |Circuit 2: ota_1stage                      
-------------------------------------------|-------------------------------------------
pfet_03v3 (2)                              |pfet_03v3 (2)                              
nfet_03v3 (5)                              |nfet_03v3 (5)                              
Number of devices: 7                       |Number of devices: 7                       
Number of nets: 8                          |Number of nets: 8                          
---------------------------------------------------------------------------------------
Netlists match uniquely.

Subcircuit pins:
Circuit 1: ota_1stage$1                    |Circuit 2: ota_1stage                      
-------------------------------------------|-------------------------------------------
vp                                         |vp                                         
vn                                         |vn                                         
vout                                       |vout                                       
vss                                        |vss                                        
vdd                                        |vdd                                        
---------------------------------------------------------------------------------------
Cell pin lists are equivalent.
Device classes ota_1stage$1 and ota_1stage are equivalent.
Flattening unmatched subcell pfet$24 in circuit switch (0)(2 instances)
Flattening unmatched subcell nfet$37 in circuit switch (0)(2 instances)

Flattening instances of not in cell switch (1) makes a better match
Making another compare attempt.

Subcircuit summary:
Circuit 1: switch                          |Circuit 2: switch                          
-------------------------------------------|-------------------------------------------
pfet_03v3 (2)                              |pfet_03v3 (2)                              
nfet_03v3 (2)                              |nfet_03v3 (2)                              
Number of devices: 4                       |Number of devices: 4                       
Number of nets: 4 **Mismatch**             |Number of nets: 6 **Mismatch**             
---------------------------------------------------------------------------------------
NET mismatches: Class fragments follow (with fanout counts):
Circuit 1: switch                          |Circuit 2: switch                          

---------------------------------------------------------------------------------------
Net: vss                                   |Net: vss                                   
  nfet_03v3/(1|3) = 2                      |  nfet_03v3/(1|3) = 1                      
  nfet_03v3/4 = 2                          |  nfet_03v3/4 = 2                          
  pfet_03v3/(1|3) = 2                      |                                           
  pfet_03v3/4 = 2                          |                                           
                                           |                                           
Net: in                                    |Net: in                                    
  pfet_03v3/(1|3) = 1                      |  pfet_03v3/(1|3) = 1                      
  nfet_03v3/(1|3) = 1                      |  nfet_03v3/(1|3) = 1                      
                                           |                                           
(no matching net)                          |Net: out                                   
                                           |  pfet_03v3/(1|3) = 1                      
                                           |  nfet_03v3/(1|3) = 1                      
                                           |                                           
(no matching net)                          |Net: vdd                                   
                                           |  pfet_03v3/(1|3) = 1                      
                                           |  pfet_03v3/4 = 2                          
---------------------------------------------------------------------------------------
Netlists do not match.
Port matching may fail to disambiguate symmetries.
  Flattening non-matched subcircuits switch switch
Flattening unmatched subcell nfet$22 in circuit nvdiv (0)(1 instance)
Flattening unmatched subcell nfet$20 in circuit nvdiv (0)(3 instances)
Flattening unmatched subcell nfet$23 in circuit nvdiv (0)(1 instance)
Flattening unmatched subcell nfet$21 in circuit nvdiv (0)(2 instances)

Subcircuit summary:
Circuit 1: nvdiv                           |Circuit 2: nvdiv                           
-------------------------------------------|-------------------------------------------
nfet_03v3 (7)                              |nfet_03v3 (7)                              
Number of devices: 7                       |Number of devices: 7                       
Number of nets: 7                          |Number of nets: 7                          
---------------------------------------------------------------------------------------
Netlists match uniquely.

Subcircuit pins:
Circuit 1: nvdiv                           |Circuit 2: nvdiv                           
-------------------------------------------|-------------------------------------------
vdd                                        |vdd                                        
vspike_up                                  |vspike_up                                  
vres                                       |vres                                       
vspike_down                                |vspike_down                                
vref                                       |vref                                       
vss                                        |vss                                        
---------------------------------------------------------------------------------------
Cell pin lists are equivalent.
Device classes nvdiv and nvdiv are equivalent.
Flattening unmatched subcell cap_mim in circuit monostable (0)(2 instances)
Flattening unmatched subcell nfet$3 in circuit monostable (0)(2 instances)

Subcircuit summary:
Circuit 1: monostable                      |Circuit 2: monostable                      
-------------------------------------------|-------------------------------------------
cap_mim_2f0_m4m5_noshield (2)              |cap_mim_2f0fF (2)                          
nfet_03v3 (2)                              |nfet_03v3 (2)                              
not$3 (4)                                  |not (4)                                    
nand$1 (2)                                 |nand (2)                                   
Number of devices: 10                      |Number of devices: 10                      
Number of nets: 12                         |Number of nets: 12                         
---------------------------------------------------------------------------------------
Netlists match uniquely.

Subcircuit pins:
Circuit 1: monostable                      |Circuit 2: monostable                      
-------------------------------------------|-------------------------------------------
vdd                                        |vdd                                        
vin                                        |vin                                        
phi_2                                      |phi_2                                      
vss                                        |vss                                        
vres                                       |vres                                       
phi_1                                      |phi_1                                      
vneg                                       |vneg                                       
---------------------------------------------------------------------------------------
Cell pin lists are equivalent.
Device classes monostable and monostable are equivalent.
Flattening unmatched subcell pfet$21 in circuit nor (0)(1 instance)
Flattening unmatched subcell nfet$34 in circuit nor (0)(1 instance)
Flattening unmatched subcell pfet$22 in circuit nor (0)(1 instance)
Flattening unmatched subcell nfet$35 in circuit nor (0)(1 instance)

Subcircuit summary:
Circuit 1: nor                             |Circuit 2: nor                             
-------------------------------------------|-------------------------------------------
pfet_03v3 (2)                              |pfet_03v3 (2)                              
nfet_03v3 (2)                              |nfet_03v3 (2)                              
Number of devices: 4                       |Number of devices: 4                       
Number of nets: 6                          |Number of nets: 6                          
---------------------------------------------------------------------------------------
Netlists match uniquely.

Subcircuit pins:
Circuit 1: nor                             |Circuit 2: nor                             
-------------------------------------------|-------------------------------------------
vss                                        |vss                                        
vdd                                        |vdd                                        
Z                                          |Z                                          
A                                          |A                                          
B                                          |B                                          
---------------------------------------------------------------------------------------
Cell pin lists are equivalent.
Device classes nor and nor are equivalent.
Flattening unmatched subcell nfet$38 in circuit conmutator (0)(3 instances)
Flattening unmatched subcell pfet$25 in circuit conmutator (0)(3 instances)

Flattening instances of not in cell conmutator (1) makes a better match
Making another compare attempt.

Subcircuit summary:
Circuit 1: conmutator                      |Circuit 2: conmutator                      
-------------------------------------------|-------------------------------------------
nfet_03v3 (3)                              |nfet_03v3 (3)                              
pfet_03v3 (3)                              |pfet_03v3 (3)                              
Number of devices: 6                       |Number of devices: 6                       
Number of nets: 4 **Mismatch**             |Number of nets: 7 **Mismatch**             
---------------------------------------------------------------------------------------
NET mismatches: Class fragments follow (with fanout counts):
Circuit 1: conmutator                      |Circuit 2: conmutator                      

---------------------------------------------------------------------------------------
Net: vss                                   |Net: vss                                   
  nfet_03v3/(1|3) = 4                      |  nfet_03v3/(1|3) = 1                      
  nfet_03v3/4 = 3                          |  nfet_03v3/4 = 3                          
  pfet_03v3/(1|3) = 4                      |                                           
  pfet_03v3/4 = 3                          |                                           
                                           |                                           
(no matching net)                          |Net: vdd                                   
                                           |  pfet_03v3/(1|3) = 1                      
                                           |  pfet_03v3/4 = 3                          
                                           |                                           
(no matching net)                          |Net: out                                   
                                           |  pfet_03v3/(1|3) = 2                      
                                           |  nfet_03v3/(1|3) = 2                      
                                           |                                           
(no matching net)                          |Net: in1                                   
                                           |  pfet_03v3/(1|3) = 1                      
                                           |  nfet_03v3/(1|3) = 1                      
---------------------------------------------------------------------------------------
Netlists do not match.
Port matching may fail to disambiguate symmetries.
  Flattening non-matched subcircuits conmutator conmutator
Flattening unmatched subcell nfet$29 in circuit refractory (0)(1 instance)
Flattening unmatched subcell nfet$28 in circuit refractory (0)(2 instances)
Flattening unmatched subcell nfet$33 in circuit refractory (0)(1 instance)

Subcircuit summary:
Circuit 1: refractory                      |Circuit 2: refractory                      
-------------------------------------------|-------------------------------------------
nfet_03v3 (4)                              |nfet_03v3 (4)                              
ota_1stage$1 (1)                           |ota_1stage (1)                             
Number of devices: 5                       |Number of devices: 5                       
Number of nets: 7                          |Number of nets: 7                          
---------------------------------------------------------------------------------------
Netlists match uniquely.

Subcircuit pins:
Circuit 1: refractory                      |Circuit 2: refractory                      
-------------------------------------------|-------------------------------------------
vrefrac                                    |vrefrac                                    
vneg                                       |vneg                                       
vspike_down                                |vspike_down                                
vdd                                        |vdd                                        
vss                                        |vss                                        
---------------------------------------------------------------------------------------
Cell pin lists are equivalent.
Device classes refractory and refractory are equivalent.
Flattening unmatched subcell pfet$23 in circuit not$2 (0)(1 instance)
Flattening unmatched subcell nfet$36 in circuit not$2 (0)(1 instance)

Subcircuit summary:
Circuit 1: not$2                           |Circuit 2: not                             
-------------------------------------------|-------------------------------------------
pfet_03v3 (1)                              |pfet_03v3 (1)                              
nfet_03v3 (1)                              |nfet_03v3 (1)                              
Number of devices: 2                       |Number of devices: 2                       
Number of nets: 4                          |Number of nets: 4                          
---------------------------------------------------------------------------------------
Netlists match uniquely.

Subcircuit pins:
Circuit 1: not$2                           |Circuit 2: not                             
-------------------------------------------|-------------------------------------------
out                                        |out                                        
in                                         |in                                         
vdd                                        |vdd                                        
vss                                        |vss                                        
---------------------------------------------------------------------------------------
Cell pin lists are equivalent.
Device classes not$2 and not are equivalent.
Flattening unmatched subcell nfet$1$1 in circuit ota_1stage$2 (0)(2 instances)
Flattening unmatched subcell pfet$7 in circuit ota_1stage$2 (0)(2 instances)
Flattening unmatched subcell nfet$39 in circuit ota_1stage$2 (0)(1 instance)
Flattening unmatched subcell nfet$2$1 in circuit ota_1stage$2 (0)(2 instances)

Subcircuit summary:
Circuit 1: ota_1stage$2                    |Circuit 2: ota_1stage                      
-------------------------------------------|-------------------------------------------
nfet_03v3 (5)                              |nfet_03v3 (5)                              
pfet_03v3 (2)                              |pfet_03v3 (2)                              
Number of devices: 7                       |Number of devices: 7                       
Number of nets: 8                          |Number of nets: 8                          
---------------------------------------------------------------------------------------
Netlists match uniquely.

Subcircuit pins:
Circuit 1: ota_1stage$2                    |Circuit 2: ota_1stage                      
-------------------------------------------|-------------------------------------------
vout                                       |vout                                       
vdd                                        |vdd                                        
vp                                         |vp                                         
vn                                         |vn                                         
vss                                        |vss                                        
---------------------------------------------------------------------------------------
Cell pin lists are equivalent.
Device classes ota_1stage$2 and ota_1stage are equivalent.
Flattening unmatched subcell pfet$4 in circuit ota_2stage (0)(2 instances)
Flattening unmatched subcell nfet$7 in circuit ota_2stage (0)(1 instance)
Flattening unmatched subcell nfet$5 in circuit ota_2stage (0)(2 instances)
Flattening unmatched subcell pfet$5 in circuit ota_2stage (0)(1 instance)
Flattening unmatched subcell nfet$8 in circuit ota_2stage (0)(1 instance)
Flattening unmatched subcell cap_mim$1 in circuit ota_2stage (0)(1 instance)
Flattening unmatched subcell nfet$6 in circuit ota_2stage (0)(1 instance)
Flattening unmatched subcell nfet$4 in circuit ota_2stage (0)(1 instance)

Subcircuit summary:
Circuit 1: ota_2stage                      |Circuit 2: ota_2stage                      
-------------------------------------------|-------------------------------------------
pfet_03v3 (3)                              |pfet_03v3 (8->3)                           
nfet_03v3 (6)                              |nfet_03v3 (6)                              
cap_mim_2f0_m4m5_noshield (1)              |cap_mim_2f0fF (1)                          
Number of devices: 10                      |Number of devices: 10                      
Number of nets: 9                          |Number of nets: 9                          
---------------------------------------------------------------------------------------
Netlists match uniquely.

Subcircuit pins:
Circuit 1: ota_2stage                      |Circuit 2: ota_2stage                      
-------------------------------------------|-------------------------------------------
vout                                       |vout                                       
vn                                         |vn                                         
vp                                         |vp                                         
vss                                        |vss                                        
vdd                                        |vdd                                        
---------------------------------------------------------------------------------------
Cell pin lists are equivalent.
Device classes ota_2stage and ota_2stage are equivalent.
Flattening unmatched subcell pfet$6 in circuit switch$1 (0)(2 instances)
Flattening unmatched subcell nfet$7$1 in circuit switch$1 (0)(2 instances)

Subcircuit summary:
Circuit 1: switch$1                        |Circuit 2: switch                          
-------------------------------------------|-------------------------------------------
pfet_03v3 (2)                              |pfet_03v3 (2)                              
nfet_03v3 (2)                              |nfet_03v3 (2)                              
Number of devices: 4                       |Number of devices: 4                       
Number of nets: 4 **Mismatch**             |Number of nets: 6 **Mismatch**             
---------------------------------------------------------------------------------------
NET mismatches: Class fragments follow (with fanout counts):
Circuit 1: switch$1                        |Circuit 2: switch                          

---------------------------------------------------------------------------------------
Net: vss                                   |Net: vss                                   
  nfet_03v3/(1|3) = 2                      |  nfet_03v3/(1|3) = 1                      
  nfet_03v3/4 = 2                          |  nfet_03v3/4 = 2                          
  pfet_03v3/(1|3) = 2                      |                                           
  pfet_03v3/4 = 2                          |                                           
                                           |                                           
Net: in                                    |Net: in                                    
  pfet_03v3/(1|3) = 1                      |  pfet_03v3/(1|3) = 1                      
  nfet_03v3/(1|3) = 1                      |  nfet_03v3/(1|3) = 1                      
                                           |                                           
(no matching net)                          |Net: out                                   
                                           |  pfet_03v3/(1|3) = 1                      
                                           |  nfet_03v3/(1|3) = 1                      
                                           |                                           
(no matching net)                          |Net: vdd                                   
                                           |  pfet_03v3/(1|3) = 1                      
                                           |  pfet_03v3/4 = 2                          
---------------------------------------------------------------------------------------
Netlists do not match.
Port matching may fail to disambiguate symmetries.
  Flattening non-matched subcircuits {switch$1} switch
Flattening unmatched subcell pfet$5$1 in circuit conmutator$1 (0)(3 instances)
Flattening unmatched subcell nfet$6$1 in circuit conmutator$1 (0)(3 instances)

Subcircuit summary:
Circuit 1: conmutator$1                    |Circuit 2: conmutator                      
-------------------------------------------|-------------------------------------------
pfet_03v3 (3)                              |pfet_03v3 (3)                              
nfet_03v3 (3)                              |nfet_03v3 (3)                              
Number of devices: 6                       |Number of devices: 6                       
Number of nets: 4 **Mismatch**             |Number of nets: 7 **Mismatch**             
---------------------------------------------------------------------------------------
NET mismatches: Class fragments follow (with fanout counts):
Circuit 1: conmutator$1                    |Circuit 2: conmutator                      

---------------------------------------------------------------------------------------
Net: vss                                   |Net: vss                                   
  nfet_03v3/(1|3) = 4                      |  nfet_03v3/(1|3) = 1                      
  nfet_03v3/4 = 3                          |  nfet_03v3/4 = 3                          
  pfet_03v3/(1|3) = 4                      |                                           
  pfet_03v3/4 = 3                          |                                           
                                           |                                           
(no matching net)                          |Net: vdd                                   
                                           |  pfet_03v3/(1|3) = 1                      
                                           |  pfet_03v3/4 = 3                          
                                           |                                           
(no matching net)                          |Net: out                                   
                                           |  pfet_03v3/(1|3) = 2                      
                                           |  nfet_03v3/(1|3) = 2                      
                                           |                                           
(no matching net)                          |Net: in1                                   
                                           |  pfet_03v3/(1|3) = 1                      
                                           |  nfet_03v3/(1|3) = 1                      
---------------------------------------------------------------------------------------
Netlists do not match.
Port matching may fail to disambiguate symmetries.
  Flattening non-matched subcircuits {conmutator$1} conmutator

Subcircuit summary:
Circuit 1: phaseUpulse                     |Circuit 2: phaseUpulse                     
-------------------------------------------|-------------------------------------------
pfet_03v3 (9)                              |pfet_03v3 (9)                              
nfet_03v3 (9)                              |nfet_03v3 (9)                              
nvdiv (1)                                  |nvdiv (1)                                  
monostable (1)                             |monostable (1)                             
nor (1)                                    |nor (1)                                    
refractory (1)                             |refractory (1)                             
not$2 (1)                                  |not (1)                                    
Number of devices: 23                      |Number of devices: 23                      
Number of nets: 15 **Mismatch**            |Number of nets: 20 **Mismatch**            
---------------------------------------------------------------------------------------
NET mismatches: Class fragments follow (with fanout counts):
Circuit 1: phaseUpulse                     |Circuit 2: phaseUpulse                     

---------------------------------------------------------------------------------------
Net: vss                                   |Net: vss                                   
  pfet_03v3/(1|3) = 11                     |  not/vss = 1                              
  nor/vss = 1                              |  nor/vss = 1                              
  nfet_03v3/(1|3) = 11                     |  nfet_03v3/(1|3) = 4                      
  nfet_03v3/4 = 9                          |  nfet_03v3/4 = 9                          
  monostable/vss = 1                       |  monostable/vss = 1                       
  refractory/vss = 1                       |  refractory/vss = 1                       
  nvdiv/vss = 1                            |  nvdiv/vss = 1                            
  nvdiv/vref = 1                           |                                           
  nvdiv/vspike_up = 1                      |                                           
  monostable/vdd = 1                       |                                           
  nor/vdd = 1                              |                                           
  pfet_03v3/4 = 9                          |                                           
  nvdiv/vdd = 1                            |                                           
  refractory/vdd = 1                       |                                           
  refractory/vrefrac = 1                   |                                           
  not$2/vdd = 1                            |                                           
  not$2/vss = 1                            |                                           
                                           |                                           
(no matching net)                          |Net: vref                                  
                                           |  pfet_03v3/(1|3) = 1                      
                                           |  nfet_03v3/(1|3) = 1                      
                                           |  nvdiv/vref = 1                           
                                           |                                           
(no matching net)                          |Net: vrefrac                               
                                           |  pfet_03v3/(1|3) = 1                      
                                           |  nfet_03v3/(1|3) = 1                      
                                           |  refractory/vrefrac = 1                   
                                           |                                           
(no matching net)                          |Net: vspike_up                             
                                           |  pfet_03v3/(1|3) = 1                      
                                           |  nfet_03v3/(1|3) = 1                      
                                           |  nvdiv/vspike_up = 1                      
                                           |                                           
(no matching net)                          |Net: vdd                                   
                                           |  not/vdd = 1                              
                                           |  nor/vdd = 1                              
                                           |  pfet_03v3/(1|3) = 5                      
                                           |  pfet_03v3/4 = 9                          
                                           |  nfet_03v3/(1|3) = 1                      
                                           |  monostable/vdd = 1                       
                                           |  refractory/vdd = 1                       
                                           |  nvdiv/vdd = 1                            
                                           |                                           
(no matching net)                          |Net: net1                                  
                                           |  pfet_03v3/(1|3) = 3                      
                                           |  nfet_03v3/(1|3) = 3                      
---------------------------------------------------------------------------------------
Netlists do not match.
Port matching may fail to disambiguate symmetries.
  Flattening non-matched subcircuits phaseUpulse phaseUpulse
Flattening unmatched subcell nfet$50 in circuit LIF_comp (0)(1 instance)
Flattening unmatched subcell cap_mim$3 in circuit LIF_comp (0)(1 instance)

Class LIF_comp (0):  Merged 4 parallel devices.
Subcircuit summary:
Circuit 1: LIF_comp                        |Circuit 2: LIF_comp                        
-------------------------------------------|-------------------------------------------
ota_1stage$2 (1)                           |ota_1stage (1)                             
nfet_03v3 (21->19)                         |nfet_03v3 (21) **Mismatch**                
ota_2stage (1)                             |ota_2stage (1)                             
pfet_03v3 (20->18)                         |pfet_03v3 (20) **Mismatch**                
cap_mim_2f0_m4m5_noshield (1)              |cap_mim_2f0fF (1)                          
nvdiv (1)                                  |nvdiv (1)                                  
monostable (1)                             |monostable (1)                             
nor (1)                                    |nor (1)                                    
refractory (1)                             |refractory (1)                             
not$2 (1)                                  |not (1)                                    
Number of devices: 45 **Mismatch**         |Number of devices: 49 **Mismatch**         
Number of nets: 20 **Mismatch**            |Number of nets: 29 **Mismatch**            
---------------------------------------------------------------------------------------
NET mismatches: Class fragments follow (with fanout counts):
Circuit 1: LIF_comp                        |Circuit 2: LIF_comp                        

---------------------------------------------------------------------------------------
Net: vss                                   |Net: vss                                   
  nfet_03v3/(1|3) = 25                     |  nfet_03v3/(1|3) = 9                      
  nfet_03v3/4 = 19                         |  nfet_03v3/4 = 21                         
  ota_1stage$2/vss = 1                     |  ota_1stage/vss = 1                       
  ota_2stage/vss = 1                       |  ota_2stage/vss = 1                       
  pfet_03v3/(1|3) = 24                     |  pfet_03v3/(1|3) = 1                      
  ota_2stage/vdd = 1                       |  not/vss = 1                              
  nor/vss = 1                              |  nor/vss = 1                              
  monostable/vss = 1                       |  monostable/vss = 1                       
  refractory/vss = 1                       |  refractory/vss = 1                       
  nvdiv/vss = 1                            |  nvdiv/vss = 1                            
  cap_mim_2f0_m4m5_noshield/2 = 1          |                                           
  pfet_03v3/4 = 18                         |                                           
  nvdiv/vdd = 1                            |                                           
  nvdiv/vspike_up = 1                      |                                           
  nvdiv/vref = 1                           |                                           
  ota_2stage/vout = 1                      |                                           
  monostable/vdd = 1                       |                                           
  nor/vdd = 1                              |                                           
  ota_1stage$2/vdd = 1                     |                                           
  ota_1stage$2/vp = 1                      |                                           
  refractory/vdd = 1                       |                                           
  refractory/vrefrac = 1                   |                                           
  not$2/vdd = 1                            |                                           
  not$2/vss = 1                            |                                           
                                           |                                           
Net: phi_fire                              |Net: phi_fire                              
  pfet_03v3/2 = 5                          |  pfet_03v3/2 = 7                          
  nfet_03v3/2 = 6                          |  nfet_03v3/2 = 8                          
  not$2/out = 1                            |  not/out = 1                              
                                           |                                           
(no matching net)                          |Net: v_icomp                               
                                           |  ota_1stage/vp = 1                        
                                           |  pfet_03v3/(1|3) = 2                      
                                           |  nfet_03v3/(1|3) = 2                      
                                           |                                           
(no matching net)                          |Net: v_ref                                 
                                           |  pfet_03v3/(1|3) = 3                      
                                           |  nfet_03v3/(1|3) = 3                      
                                           |  nvdiv/vref = 1                           
                                           |                                           
(no matching net)                          |Net: phaseUpulse:14/vrefrac                
                                           |  pfet_03v3/(1|3) = 1                      
                                           |  nfet_03v3/(1|3) = 1                      
                                           |  refractory/vrefrac = 1                   
                                           |                                           
(no matching net)                          |Net: phaseUpulse:14/vspike_up              
                                           |  pfet_03v3/(1|3) = 1                      
                                           |  nfet_03v3/(1|3) = 1                      
                                           |  nvdiv/vspike_up = 1                      
                                           |                                           
(no matching net)                          |Net: net1                                  
                                           |  pfet_03v3/(1|3) = 2                      
                                           |  nfet_03v3/(1|3) = 2                      
                                           |  cap_mim_2f0fF/2 = 1                      
                                           |                                           
(no matching net)                          |Net: vdd                                   
                                           |  pfet_03v3/(1|3) = 9                      
                                           |  pfet_03v3/4 = 20                         
                                           |  ota_1stage/vdd = 1                       
                                           |  ota_2stage/vdd = 1                       
                                           |  not/vdd = 1                              
                                           |  nor/vdd = 1                              
                                           |  nfet_03v3/(1|3) = 1                      
                                           |  monostable/vdd = 1                       
                                           |  refractory/vdd = 1                       
                                           |  nvdiv/vdd = 1                            
                                           |                                           
(no matching net)                          |Net: vmem                                  
                                           |  pfet_03v3/(1|3) = 4                      
                                           |  nfet_03v3/(1|3) = 5                      
                                           |  ota_2stage/vout = 1                      
                                           |                                           
(no matching net)                          |Net: vout                                  
                                           |  pfet_03v3/(1|3) = 2                      
                                           |  nfet_03v3/(1|3) = 2                      
                                           |                                           
(no matching net)                          |Net: phaseUpulse:14/net1                   
                                           |  pfet_03v3/(1|3) = 3                      
                                           |  nfet_03v3/(1|3) = 3                      
---------------------------------------------------------------------------------------
DEVICE mismatches: Class fragments follow (with node fanout counts):
Circuit 1: LIF_comp                        |Circuit 2: LIF_comp                        

---------------------------------------------------------------------------------------
Instance: conmutator$1_0//nfet$6$1_1/nfet_ |Instance: conmutator:8/nfet_03v3:M4        
  (1,3) = (106,106)                        |  (1,3) = (7,5)                            
  2 = 12                                   |  2 = 16                                   
  4 = 106                                  |  4 = 38                                   
                                           |                                           
Instance: conmutator$1_0//pfet$5$1_0/pfet_ |Instance: conmutator:12/nfet_03v3:M4       
  (1,3) = (106,106)                        |  (1,3) = (10,4)                           
  2 = 12                                   |  2 = 16                                   
  4 = 106                                  |  4 = 38                                   
                                           |                                           
(no matching instance)                     |Instance: conmutator:13/nfet_03v3:M4       
                                           |  (1,3) = (38,5)                           
                                           |  2 = 16                                   
                                           |  4 = 38                                   
                                           |                                           
                                           |                                           
(no matching instance)                     |Instance: conmutator:8/pfet_03v3:M1        
                                           |  (1,3) = (10,5)                           
                                           |  2 = 16                                   
                                           |  4 = 37                                   
                                           |                                           
                                           |                                           
(no matching instance)                     |Instance: conmutator:12/pfet_03v3:M1       
                                           |  (1,3) = (7,4)                            
                                           |  2 = 16                                   
                                           |  4 = 37                                   
                                           |                                           
                                           |                                           
(no matching instance)                     |Instance: conmutator:13/pfet_03v3:M1       
                                           |  (1,3) = (10,5)                           
                                           |  2 = 16                                   
                                           |  4 = 37                                   
                                           |                                           
---------------------------------------------------------------------------------------
Netlists do not match.
Port matching may fail to disambiguate symmetries.

Subcircuit pins:
Circuit 1: LIF_comp                        |Circuit 2: LIF_comp                        
-------------------------------------------|-------------------------------------------
vss                                        |vout **Mismatch**                          
vin                                        |vin                                        
v_rew                                      |v_rew                                      
(no pin, node is phi_fire)                 |vdd                                        
(no pin, node is phi_fire)                 |vss                                        
---------------------------------------------------------------------------------------
Cell pin lists for LIF_comp and LIF_comp altered to match.
Device classes LIF_comp and LIF_comp are equivalent.

Final result: Top level cell failed pin matching.
