
Circuit 1 cell pfet_05v0 and Circuit 2 cell pfet_06v0 are black boxes.
Warning: Equate pins:  cell pfet_05v0 is a placeholder, treated as a black box.
Warning: Equate pins:  cell pfet_06v0 is a placeholder, treated as a black box.

Subcircuit pins:
Circuit 1: pfet_05v0                       |Circuit 2: pfet_06v0                       
-------------------------------------------|-------------------------------------------
1                                          |1                                          
2                                          |2                                          
3                                          |3                                          
4                                          |4                                          
---------------------------------------------------------------------------------------
Cell pin lists are equivalent.
Device classes pfet_05v0 and pfet_06v0 are equivalent.

Circuit 1 cell nfet_05v0 and Circuit 2 cell nfet_06v0 are black boxes.
Warning: Equate pins:  cell nfet_05v0 is a placeholder, treated as a black box.
Warning: Equate pins:  cell nfet_06v0 is a placeholder, treated as a black box.

Subcircuit pins:
Circuit 1: nfet_05v0                       |Circuit 2: nfet_06v0                       
-------------------------------------------|-------------------------------------------
1                                          |1                                          
2                                          |2                                          
3                                          |3                                          
4                                          |4                                          
---------------------------------------------------------------------------------------
Cell pin lists are equivalent.
Device classes nfet_05v0 and nfet_06v0 are equivalent.

Subcircuit summary:
Circuit 1: gf180mcu_fd_sc_mcu9t5v0__and2_1 |Circuit 2: gf180mcu_fd_sc_mcu9t5v0__and2_1 
-------------------------------------------|-------------------------------------------
pfet_05v0 (3)                              |pfet_06v0 (3)                              
nfet_05v0 (3)                              |nfet_06v0 (3)                              
Number of devices: 6                       |Number of devices: 6                       
Number of nets: 9                          |Number of nets: 9                          
---------------------------------------------------------------------------------------
Netlists match uniquely.

Subcircuit pins:
Circuit 1: gf180mcu_fd_sc_mcu9t5v0__and2_1 |Circuit 2: gf180mcu_fd_sc_mcu9t5v0__and2_1 
-------------------------------------------|-------------------------------------------
A1                                         |A1                                         
VSS                                        |VSS                                        
A2                                         |A2                                         
Z                                          |Z                                          
VPW                                        |VPW                                        
VDD                                        |VDD                                        
VNW                                        |VNW                                        
---------------------------------------------------------------------------------------
Cell pin lists are equivalent.
Device classes gf180mcu_fd_sc_mcu9t5v0__and2_1 and gf180mcu_fd_sc_mcu9t5v0__and2_1 are equivalent.

Subcircuit summary:
Circuit 1: gf180mcu_fd_sc_mcu9t5v0__inv_1  |Circuit 2: gf180mcu_fd_sc_mcu9t5v0__inv_1  
-------------------------------------------|-------------------------------------------
pfet_05v0 (1)                              |pfet_06v0 (1)                              
nfet_05v0 (1)                              |nfet_06v0 (1)                              
Number of devices: 2                       |Number of devices: 2                       
Number of nets: 6                          |Number of nets: 6                          
---------------------------------------------------------------------------------------
Netlists match uniquely.

Subcircuit pins:
Circuit 1: gf180mcu_fd_sc_mcu9t5v0__inv_1  |Circuit 2: gf180mcu_fd_sc_mcu9t5v0__inv_1  
-------------------------------------------|-------------------------------------------
VSS                                        |VSS                                        
VPW                                        |VPW                                        
VDD                                        |VDD                                        
VNW                                        |VNW                                        
ZN                                         |ZN                                         
I                                          |I                                          
---------------------------------------------------------------------------------------
Cell pin lists are equivalent.
Device classes gf180mcu_fd_sc_mcu9t5v0__inv_1 and gf180mcu_fd_sc_mcu9t5v0__inv_1 are equivalent.

Subcircuit summary:
Circuit 1: En_clk_din                      |Circuit 2: En_clk_din                      
-------------------------------------------|-------------------------------------------
gf180mcu_fd_sc_mcu9t5v0__and2_1 (2)        |gf180mcu_fd_sc_mcu9t5v0__and2_1 (2)        
gf180mcu_fd_sc_mcu9t5v0__inv_1 (2)         |gf180mcu_fd_sc_mcu9t5v0__inv_1 (2)         
Number of devices: 4                       |Number of devices: 4                       
Number of nets: 9                          |Number of nets: 9                          
---------------------------------------------------------------------------------------
Resolving symmetries by property value.
Resolving symmetries by pin name.
Netlists match uniquely.

Subcircuit pins:
Circuit 1: En_clk_din                      |Circuit 2: En_clk_din                      
-------------------------------------------|-------------------------------------------
vdd                                        |VDD                                        
vss                                        |VSS                                        
d_in                                       |D_in                                       
clk                                        |clk                                        
data_in                                    |Data_in                                    
clock                                      |clock                                      
Enable                                     |enable                                     
---------------------------------------------------------------------------------------
Cell pin lists are equivalent.
Device classes En_clk_din and En_clk_din are equivalent.

Final result: Circuits match uniquely.
.
