
Circuit 1 cell nfet_03v3 and Circuit 2 cell nfet_03v3 are black boxes.
Warning: Equate pins:  cell nfet_03v3 is a placeholder, treated as a black box.
Warning: Equate pins:  cell nfet_03v3 is a placeholder, treated as a black box.

Subcircuit pins:
Circuit 1: nfet_03v3                       |Circuit 2: nfet_03v3                       
-------------------------------------------|-------------------------------------------
1                                          |1                                          
2                                          |2                                          
3                                          |3                                          
4                                          |4                                          
---------------------------------------------------------------------------------------
Cell pin lists are equivalent.
Device classes nfet_03v3 and nfet_03v3 are equivalent.

Circuit 1 cell pfet_03v3 and Circuit 2 cell pfet_03v3 are black boxes.
Warning: Equate pins:  cell pfet_03v3 is a placeholder, treated as a black box.
Warning: Equate pins:  cell pfet_03v3 is a placeholder, treated as a black box.

Subcircuit pins:
Circuit 1: pfet_03v3                       |Circuit 2: pfet_03v3                       
-------------------------------------------|-------------------------------------------
1                                          |1                                          
2                                          |2                                          
3                                          |3                                          
4                                          |4                                          
---------------------------------------------------------------------------------------
Cell pin lists are equivalent.
Device classes pfet_03v3 and pfet_03v3 are equivalent.

Subcircuit summary:
Circuit 1: gf180mcu_fd_sc_mcu9t5v0__inv_1  |Circuit 2: gf180mcu_fd_sc_mcu9t5v0__inv_1  
-------------------------------------------|-------------------------------------------
pfet_05v0 (1)                              |(no matching element)                      
nfet_05v0 (1)                              |(no matching element)                      
(no matching element)                      |nfet_06v0 (1)                              
(no matching element)                      |pfet_06v0 (1)                              
Number of devices: 2                       |Number of devices: 2                       
Number of nets: 6                          |Number of nets: 6                          
---------------------------------------------------------------------------------------
NET mismatches: Class fragments follow (with fanout counts):
Circuit 1: gf180mcu_fd_sc_mcu9t5v0__inv_1  |Circuit 2: gf180mcu_fd_sc_mcu9t5v0__inv_1  

---------------------------------------------------------------------------------------
Net: VNW                                   |Net: VNW                                   
  pfet_05v0/4 = 1                          |  pfet_06v0/4 = 1                          
                                           |                                           
Net: VDD                                   |Net: VDD                                   
  pfet_05v0/(1|3) = 1                      |  pfet_06v0/(1|3) = 1                      
                                           |                                           
Net: VPW                                   |Net: VPW                                   
  nfet_05v0/4 = 1                          |  nfet_06v0/4 = 1                          
                                           |                                           
Net: VSS                                   |Net: VSS                                   
  nfet_05v0/(1|3) = 1                      |  nfet_06v0/(1|3) = 1                      
---------------------------------------------------------------------------------------

---------------------------------------------------------------------------------------
Net: I                                     |Net: I                                     
  pfet_05v0/2 = 1                          |  nfet_06v0/2 = 1                          
  nfet_05v0/2 = 1                          |  pfet_06v0/2 = 1                          
                                           |                                           
Net: ZN                                    |Net: ZN                                    
  pfet_05v0/(1|3) = 1                      |  nfet_06v0/(1|3) = 1                      
  nfet_05v0/(1|3) = 1                      |  pfet_06v0/(1|3) = 1                      
---------------------------------------------------------------------------------------
DEVICE mismatches: Class fragments follow (with node fanout counts):
Circuit 1: gf180mcu_fd_sc_mcu9t5v0__inv_1  |Circuit 2: gf180mcu_fd_sc_mcu9t5v0__inv_1  

---------------------------------------------------------------------------------------
Instance: pfet_05v0:0                      |Instance: nfet_06v0:_i_0                   
  (1,3) = (2,1)                            |  (1,3) = (2,1)                            
  2 = 2                                    |  2 = 2                                    
  4 = 1                                    |  4 = 1                                    
                                           |                                           
Instance: nfet_05v0:1                      |Instance: pfet_06v0:_i_1                   
  (1,3) = (2,1)                            |  (1,3) = (2,1)                            
  2 = 2                                    |  2 = 2                                    
  4 = 1                                    |  4 = 1                                    
---------------------------------------------------------------------------------------
Netlists do not match.
Port matching may fail to disambiguate symmetries.
  Flattening non-matched subcircuits gf180mcu_fd_sc_mcu9t5v0__inv_1 gf180mcu_fd_sc_mcu9t5v0__inv_1
Flattening unmatched subcell nfet in circuit swmatrix_Tgate (0)(1 instance)
Flattening unmatched subcell pfet$1 in circuit swmatrix_Tgate (0)(1 instance)

Class swmatrix_Tgate (0):  Merged 22 parallel devices.
Subcircuit summary:
Circuit 1: swmatrix_Tgate                  |Circuit 2: swmatrix_Tgate                  
-------------------------------------------|-------------------------------------------
pfet_05v0 (1)                              |(no matching element)                      
nfet_05v0 (1)                              |(no matching element)                      
nfet_03v3 (6->1)                           |nfet_03v3 (1)                              
pfet_03v3 (18->1)                          |pfet_03v3 (1)                              
(no matching element)                      |nfet_06v0 (1)                              
(no matching element)                      |pfet_06v0 (1)                              
Number of devices: 4                       |Number of devices: 4                       
Number of nets: 6                          |Number of nets: 6                          
---------------------------------------------------------------------------------------
NET mismatches: Class fragments follow (with fanout counts):
Circuit 1: swmatrix_Tgate                  |Circuit 2: swmatrix_Tgate                  

---------------------------------------------------------------------------------------
Net: VSS                                   |Net: VDDd                                  
  nfet_05v0/(1|3) = 1                      |  pfet_03v3/4 = 1                          
  nfet_05v0/4 = 1                          |  pfet_06v0/(1|3) = 1                      
  nfet_03v3/4 = 1                          |  pfet_06v0/4 = 1                          
                                           |                                           
Net: gated_controlb                        |Net: gated_controlb                        
  pfet_05v0/(1|3) = 1                      |  pfet_06v0/(1|3) = 1                      
  nfet_05v0/(1|3) = 1                      |  nfet_06v0/(1|3) = 1                      
  pfet_03v3/2 = 1                          |  pfet_03v3/2 = 1                          
                                           |                                           
Net: VDD                                   |Net: VSSd                                  
  pfet_05v0/(1|3) = 1                      |  nfet_03v3/4 = 1                          
  pfet_05v0/4 = 1                          |  nfet_06v0/(1|3) = 1                      
  pfet_03v3/4 = 1                          |  nfet_06v0/4 = 1                          
                                           |                                           
Net: gated_control                         |Net: gated_control                         
  pfet_05v0/2 = 1                          |  pfet_06v0/2 = 1                          
  nfet_05v0/2 = 1                          |  nfet_06v0/2 = 1                          
  nfet_03v3/2 = 1                          |  nfet_03v3/2 = 1                          
---------------------------------------------------------------------------------------
DEVICE mismatches: Class fragments follow (with node fanout counts):
Circuit 1: swmatrix_Tgate                  |Circuit 2: swmatrix_Tgate                  

---------------------------------------------------------------------------------------
Instance: gf180mcu_fd_sc_mcu9t5v0__inv_1_0 |Instance: gf180mcu_fd_sc_mcu9t5v0__inv_1:1 
  (1,3) = (3,3)                            |  (1,3) = (3,3)                            
  2 = 3                                    |  2 = 3                                    
  4 = 3                                    |  4 = 3                                    
                                           |                                           
Instance: gf180mcu_fd_sc_mcu9t5v0__inv_1_0 |Instance: gf180mcu_fd_sc_mcu9t5v0__inv_1:1 
  (1,3) = (3,3)                            |  (1,3) = (3,3)                            
  2 = 3                                    |  2 = 3                                    
  4 = 3                                    |  4 = 3                                    
---------------------------------------------------------------------------------------
Netlists do not match.
Port matching may fail to disambiguate symmetries.

Subcircuit pins:
Circuit 1: swmatrix_Tgate                  |Circuit 2: swmatrix_Tgate                  
-------------------------------------------|-------------------------------------------
T1                                         |T2 **Mismatch**                            
T2                                         |T1 **Mismatch**                            
gated_controlb                             |VDDd **Mismatch**                          
VSS                                        |(no pin, node is gated_controlb)           
VDD                                        |VSSd **Mismatch**                          
gated_control                              |gated_control                              
---------------------------------------------------------------------------------------
Cell pin lists for swmatrix_Tgate and swmatrix_Tgate altered to match.
Device classes swmatrix_Tgate and swmatrix_Tgate are equivalent.

Final result: Top level cell failed pin matching.
