
Circuit 1 cell pfet_03v3 and Circuit 2 cell pfet_03v3 are black boxes.
Warning: Equate pins:  cell pfet_03v3 is a placeholder, treated as a black box.
Warning: Equate pins:  cell pfet_03v3 is a placeholder, treated as a black box.

Subcircuit pins:
Circuit 1: pfet_03v3                       |Circuit 2: pfet_03v3                       
-------------------------------------------|-------------------------------------------
1                                          |1                                          
2                                          |2                                          
3                                          |3                                          
4                                          |4                                          
---------------------------------------------------------------------------------------
Cell pin lists are equivalent.
Device classes pfet_03v3 and pfet_03v3 are equivalent.

Circuit 1 cell cap_mim_2f0_m4m5_noshield and Circuit 2 cell cap_mim_2f0fF are black boxes.
Warning: Equate pins:  cell cap_mim_2f0_m4m5_noshield is a placeholder, treated as a black box.
Warning: Equate pins:  cell cap_mim_2f0fF is a placeholder, treated as a black box.

Subcircuit pins:
Circuit 1: cap_mim_2f0_m4m5_noshield       |Circuit 2: cap_mim_2f0fF                   
-------------------------------------------|-------------------------------------------
1                                          |1                                          
2                                          |2                                          
---------------------------------------------------------------------------------------
Cell pin lists are equivalent.
Device classes cap_mim_2f0_m4m5_noshield and cap_mim_2f0fF are equivalent.

Circuit 1 cell nfet_03v3 and Circuit 2 cell nfet_03v3 are black boxes.
Warning: Equate pins:  cell nfet_03v3 is a placeholder, treated as a black box.
Warning: Equate pins:  cell nfet_03v3 is a placeholder, treated as a black box.

Subcircuit pins:
Circuit 1: nfet_03v3                       |Circuit 2: nfet_03v3                       
-------------------------------------------|-------------------------------------------
1                                          |1                                          
2                                          |2                                          
3                                          |3                                          
4                                          |4                                          
---------------------------------------------------------------------------------------
Cell pin lists are equivalent.
Device classes nfet_03v3 and nfet_03v3 are equivalent.
Flattening unmatched subcell pfet$4 in circuit TG_bootstrapped (0)(1 instance)
Flattening unmatched subcell cap_mim in circuit TG_bootstrapped (0)(2 instances)
Flattening unmatched subcell pfet$2 in circuit TG_bootstrapped (0)(2 instances)
Flattening unmatched subcell nfet$3 in circuit TG_bootstrapped (0)(4 instances)
Flattening unmatched subcell pfet$9 in circuit TG_bootstrapped (0)(2 instances)
Flattening unmatched subcell nfet in circuit TG_bootstrapped (0)(2 instances)
Flattening unmatched subcell pfet$3 in circuit TG_bootstrapped (0)(4 instances)
Flattening unmatched subcell nfet$4 in circuit TG_bootstrapped (0)(1 instance)
Flattening unmatched subcell nfet$2 in circuit TG_bootstrapped (0)(2 instances)

Class TG_bootstrapped (0):  Merged 38 parallel devices.
Subcircuit summary:
Circuit 1: TG_bootstrapped                 |Circuit 2: TG_bootstrapped                 
-------------------------------------------|-------------------------------------------
pfet_03v3 (28->7)                          |pfet_03v3 (28->9) **Mismatch**             
cap_mim_2f0_m4m5_noshield (2)              |cap_mim_2f0fF (2)                          
nfet_03v3 (24->7)                          |nfet_03v3 (24->9) **Mismatch**             
Number of devices: 16 **Mismatch**         |Number of devices: 20 **Mismatch**         
Number of nets: 7 **Mismatch**             |Number of nets: 12 **Mismatch**            
---------------------------------------------------------------------------------------
NET mismatches: Class fragments follow (with fanout counts):
Circuit 1: TG_bootstrapped                 |Circuit 2: TG_bootstrapped                 

---------------------------------------------------------------------------------------
Net: vss                                   |Net: vss                                   
  nfet_03v3/(1|3) = 9                      |  nfet_03v3/(1|3) = 3                      
  nfet_03v3/4 = 7                          |  nfet_03v3/4 = 9                          
  pfet_03v3/(1|3) = 9                      |  pfet_03v3/(1|3) = 1                      
  pfet_03v3/4 = 7                          |                                           
  pfet_03v3/2 = 1                          |                                           
  nfet_03v3/2 = 1                          |                                           
                                           |                                           
Net: m5_5656_2903#                         |Net: net4                                  
  cap_mim_2f0_m4m5_noshield/2 = 1          |  pfet_03v3/(1|3) = 2                      
  pfet_03v3/(1|3) = 1                      |  cap_mim_2f0fF/1 = 1                      
  nfet_03v3/(1|3) = 1                      |  nfet_03v3/(1|3) = 1                      
                                           |                                           
Net: m5_6578_3023#                         |Net: vin                                   
  cap_mim_2f0_m4m5_noshield/1 = 1          |  nfet_03v3/(1|3) = 3                      
  nfet_03v3/(1|3) = 1                      |  pfet_03v3/(1|3) = 3                      
  pfet_03v3/(1|3) = 1                      |                                           
                                           |                                           
Net: nclk                                  |Net: nclk                                  
  nfet_03v3/2 = 2                          |  nfet_03v3/2 = 3                          
  pfet_03v3/2 = 4                          |  pfet_03v3/2 = 5                          
                                           |                                           
Net: clk                                   |Net: clk                                   
  pfet_03v3/2 = 2                          |  pfet_03v3/2 = 3                          
  nfet_03v3/2 = 4                          |  nfet_03v3/2 = 5                          
                                           |                                           
(no matching net)                          |Net: net5                                  
                                           |  nfet_03v3/(1|3) = 2                      
                                           |  cap_mim_2f0fF/2 = 1                      
                                           |  pfet_03v3/(1|3) = 1                      
                                           |                                           
(no matching net)                          |Net: vdd                                   
                                           |  pfet_03v3/(1|3) = 3                      
                                           |  pfet_03v3/4 = 9                          
                                           |  nfet_03v3/(1|3) = 1                      
                                           |                                           
(no matching net)                          |Net: net2                                  
                                           |  nfet_03v3/(1|3) = 2                      
                                           |  pfet_03v3/(1|3) = 2                      
                                           |  nfet_03v3/2 = 1                          
                                           |                                           
(no matching net)                          |Net: net6                                  
                                           |  nfet_03v3/(1|3) = 2                      
                                           |  pfet_03v3/(1|3) = 2                      
                                           |  pfet_03v3/2 = 1                          
                                           |                                           
(no matching net)                          |Net: vout                                  
                                           |  nfet_03v3/(1|3) = 1                      
                                           |  pfet_03v3/(1|3) = 1                      
---------------------------------------------------------------------------------------
DEVICE mismatches: Class fragments follow (with node fanout counts):
Circuit 1: TG_bootstrapped                 |Circuit 2: TG_bootstrapped                 

---------------------------------------------------------------------------------------
Instance: pfet$4_0/pfet_03v3:0             |Instance: pfet_03v3:M6                     
  (1,3) = (34,34)                          |  (1,3) = (13,5)                           
  2 = 34                                   |  2 = 8                                    
  4 = 34                                   |  4 = 13                                   
                                           |                                           
Instance: pfet$2_1/pfet_03v3:0             |Instance: pfet_03v3:M10                    
  (1,3) = (34,3)                           |  (1,3) = (13,4)                           
  2 = 6                                    |  2 = 8                                    
  4 = 34                                   |  4 = 13                                   
                                           |                                           
Instance: pfet$9_1/pfet_03v3:0             |Instance: pfet_03v3:M12                    
  (1,3) = (34,3)                           |  (1,3) = (5,4)                            
  2 = 6                                    |  2 = 8                                    
  4 = 34                                   |  4 = 13                                   
                                           |                                           
Instance: pfet$3_1/pfet_03v3:0             |Instance: pfet_03v3:M14                    
  (1,3) = (34,34)                          |  (1,3) = (13,5)                           
  2 = 6                                    |  2 = 8                                    
  4 = 34                                   |  4 = 13                                   
                                           |                                           
Instance: nfet$3_2/nfet_03v3:0             |Instance: pfet_03v3:M16                    
  (1,3) = (34,3)                           |  (1,3) = (6,4)                            
  2 = 6                                    |  2 = 8                                    
  4 = 34                                   |  4 = 13                                   
                                           |                                           
Instance: nfet$3_3/nfet_03v3:0             |Instance: pfet_03v3:M18                    
  (1,3) = (34,3)                           |  (1,3) = (6,2)                            
  2 = 6                                    |  2 = 5                                    
  4 = 34                                   |  4 = 13                                   
                                           |                                           
Instance: nfet_0/nfet_03v3:0               |Instance: nfet_03v3:M5                     
  (1,3) = (34,34)                          |  (1,3) = (13,5)                           
  2 = 6                                    |  2 = 8                                    
  4 = 34                                   |  4 = 13                                   
                                           |                                           
Instance: nfet$4_0/nfet_03v3:0             |Instance: nfet_03v3:M9                     
  (1,3) = (34,34)                          |  (1,3) = (13,4)                           
  2 = 34                                   |  2 = 8                                    
  4 = 34                                   |  4 = 13                                   
                                           |                                           
(no matching instance)                     |Instance: nfet_03v3:M11                    
                                           |  (1,3) = (5,4)                            
                                           |  2 = 8                                    
                                           |  4 = 13                                   
                                           |                                           
                                           |                                           
(no matching instance)                     |Instance: nfet_03v3:M13                    
                                           |  (1,3) = (13,5)                           
                                           |  2 = 8                                    
                                           |  4 = 13                                   
                                           |                                           
                                           |                                           
(no matching instance)                     |Instance: nfet_03v3:M15                    
                                           |  (1,3) = (6,4)                            
                                           |  2 = 8                                    
                                           |  4 = 13                                   
                                           |                                           
                                           |                                           
(no matching instance)                     |Instance: nfet_03v3:M17                    
                                           |  (1,3) = (6,2)                            
                                           |  2 = 5                                    
                                           |  4 = 13                                   
                                           |                                           
---------------------------------------------------------------------------------------
Netlists do not match.
Port matching may fail to disambiguate symmetries.

Subcircuit pins:
Circuit 1: TG_bootstrapped                 |Circuit 2: TG_bootstrapped                 
-------------------------------------------|-------------------------------------------
vss                                        |(no pin, node is net5)                     
nclk                                       |nclk                                       
clk                                        |clk                                        
(no pin, node is clk)                      |vdd                                        
(no pin, node is clk)                      |vss                                        
(no pin, node is clk)                      |vin                                        
(no pin, node is clk)                      |vout                                       
---------------------------------------------------------------------------------------
Cell pin lists for TG_bootstrapped and TG_bootstrapped altered to match.
Device classes TG_bootstrapped and TG_bootstrapped are equivalent.

Final result: Top level cell failed pin matching.
