
Circuit 1 cell pfet_03v3 and Circuit 2 cell pfet_03v3 are black boxes.
Warning: Equate pins:  cell pfet_03v3 is a placeholder, treated as a black box.
Warning: Equate pins:  cell pfet_03v3 is a placeholder, treated as a black box.

Subcircuit pins:
Circuit 1: pfet_03v3                       |Circuit 2: pfet_03v3                       
-------------------------------------------|-------------------------------------------
1                                          |1                                          
2                                          |2                                          
3                                          |3                                          
4                                          |4                                          
---------------------------------------------------------------------------------------
Cell pin lists are equivalent.
Device classes pfet_03v3 and pfet_03v3 are equivalent.

Circuit 1 cell nfet_03v3 and Circuit 2 cell nfet_03v3 are black boxes.
Warning: Equate pins:  cell nfet_03v3 is a placeholder, treated as a black box.
Warning: Equate pins:  cell nfet_03v3 is a placeholder, treated as a black box.

Subcircuit pins:
Circuit 1: nfet_03v3                       |Circuit 2: nfet_03v3                       
-------------------------------------------|-------------------------------------------
1                                          |1                                          
2                                          |2                                          
3                                          |3                                          
4                                          |4                                          
---------------------------------------------------------------------------------------
Cell pin lists are equivalent.
Device classes nfet_03v3 and nfet_03v3 are equivalent.

Circuit 1 cell cap_mim_2f0_m4m5_noshield and Circuit 2 cell cap_mim_2f0fF are black boxes.
Warning: Equate pins:  cell cap_mim_2f0_m4m5_noshield is a placeholder, treated as a black box.
Warning: Equate pins:  cell cap_mim_2f0fF is a placeholder, treated as a black box.

Subcircuit pins:
Circuit 1: cap_mim_2f0_m4m5_noshield       |Circuit 2: cap_mim_2f0fF                   
-------------------------------------------|-------------------------------------------
1                                          |1                                          
2                                          |2                                          
---------------------------------------------------------------------------------------
Cell pin lists are equivalent.
Device classes cap_mim_2f0_m4m5_noshield and cap_mim_2f0fF are equivalent.
Flattening unmatched subcell pfet in circuit AH_neuron (0)(1 instance)
Flattening unmatched subcell nfet$7 in circuit AH_neuron (0)(1 instance)
Flattening unmatched subcell nfet in circuit AH_neuron (0)(1 instance)
Flattening unmatched subcell cap_mim$1 in circuit AH_neuron (0)(1 instance)
Flattening unmatched subcell nfet$6 in circuit AH_neuron (0)(1 instance)
Flattening unmatched subcell pfet$1 in circuit AH_neuron (0)(1 instance)
Flattening unmatched subcell nfet$4 in circuit AH_neuron (0)(1 instance)

Subcircuit summary:
Circuit 1: AH_neuron                       |Circuit 2: AH_neuron                       
-------------------------------------------|-------------------------------------------
pfet_03v3 (2)                              |pfet_03v3 (2)                              
nfet_03v3 (4)                              |nfet_03v3 (4)                              
cap_mim_2f0_m4m5_noshield (1)              |cap_mim_2f0fF (1)                          
Number of devices: 7                       |Number of devices: 7                       
Number of nets: 7                          |Number of nets: 7                          
---------------------------------------------------------------------------------------
NET mismatches: Class fragments follow (with fanout counts):
Circuit 1: AH_neuron                       |Circuit 2: AH_neuron                       

---------------------------------------------------------------------------------------
Net: Current_in                            |Net: Current_in                            
  nfet_03v3/2 = 1                          |  nfet_03v3/2 = 1                          
  nfet_03v3/(1|3) = 1                      |  nfet_03v3/(1|3) = 1                      
  pfet_03v3/2 = 1                          |  pfet_03v3/2 = 1                          
                                           |  cap_mim_2f0fF/2 = 1                      
                                           |                                           
Net: vss                                   |Net: vss                                   
  nfet_03v3/(1|3) = 5                      |  nfet_03v3/(1|3) = 3                      
  nfet_03v3/4 = 4                          |  nfet_03v3/4 = 4                          
                                           |                                           
Net: m5_n980_1139#                         |Net: net2                                  
  cap_mim_2f0_m4m5_noshield/2 = 1          |  nfet_03v3/(1|3) = 2                      
---------------------------------------------------------------------------------------
Netlists do not match.
Port matching may fail to disambiguate symmetries.

Subcircuit pins:
Circuit 1: AH_neuron                       |Circuit 2: AH_neuron                       
-------------------------------------------|-------------------------------------------
vss                                        |Current_in **Mismatch**                    
Current_in                                 |vss **Mismatch**                           
v_bias                                     |v_bias                                     
vdd                                        |vdd                                        
vout                                       |vout                                       
---------------------------------------------------------------------------------------
Cell pin lists for AH_neuron and AH_neuron altered to match.
Device classes AH_neuron and AH_neuron are equivalent.

Final result: Top level cell failed pin matching.
