
Circuit 1 cell pfet_03v3 and Circuit 2 cell pfet_03v3 are black boxes.
Warning: Equate pins:  cell pfet_03v3 is a placeholder, treated as a black box.
Warning: Equate pins:  cell pfet_03v3 is a placeholder, treated as a black box.

Subcircuit pins:
Circuit 1: pfet_03v3                       |Circuit 2: pfet_03v3                       
-------------------------------------------|-------------------------------------------
1                                          |1                                          
2                                          |2                                          
3                                          |3                                          
4                                          |4                                          
---------------------------------------------------------------------------------------
Cell pin lists are equivalent.
Device classes pfet_03v3 and pfet_03v3 are equivalent.

Circuit 1 cell nfet_03v3 and Circuit 2 cell nfet_03v3 are black boxes.
Warning: Equate pins:  cell nfet_03v3 is a placeholder, treated as a black box.
Warning: Equate pins:  cell nfet_03v3 is a placeholder, treated as a black box.

Subcircuit pins:
Circuit 1: nfet_03v3                       |Circuit 2: nfet_03v3                       
-------------------------------------------|-------------------------------------------
1                                          |1                                          
2                                          |2                                          
3                                          |3                                          
4                                          |4                                          
---------------------------------------------------------------------------------------
Cell pin lists are equivalent.
Device classes nfet_03v3 and nfet_03v3 are equivalent.
Flattening unmatched subcell pfet$6 in circuit synapse (0)(1 instance)
Flattening unmatched subcell pfet$4 in circuit synapse (0)(1 instance)
Flattening unmatched subcell nfet$7 in circuit synapse (0)(1 instance)
Flattening unmatched subcell pfet$7 in circuit synapse (0)(3 instances)
Flattening unmatched subcell nfet in circuit synapse (0)(3 instances)
Flattening unmatched subcell pfet$5 in circuit synapse (0)(1 instance)
Flattening unmatched subcell nfet$4 in circuit synapse (0)(1 instance)
Flattening unmatched subcell nfet$2 in circuit synapse (0)(1 instance)

Subcircuit summary:
Circuit 1: synapse                         |Circuit 2: synapse                         
-------------------------------------------|-------------------------------------------
pfet_03v3 (6)                              |pfet_03v3 (6)                              
nfet_03v3 (6)                              |nfet_03v3 (6)                              
Number of devices: 12                      |Number of devices: 12                      
Number of nets: 10 **Mismatch**            |Number of nets: 14 **Mismatch**            
---------------------------------------------------------------------------------------
NET mismatches: Class fragments follow (with fanout counts):
Circuit 1: synapse                         |Circuit 2: synapse                         

---------------------------------------------------------------------------------------
Net: vdd                                   |Net: vdd                                   
  pfet_03v3/(1|3) = 8                      |  pfet_03v3/(1|3) = 4                      
  pfet_03v3/4 = 6                          |  pfet_03v3/4 = 6                          
                                           |                                           
Net: vss                                   |Net: vss                                   
  nfet_03v3/(1|3) = 8                      |  nfet_03v3/(1|3) = 4                      
  nfet_03v3/4 = 6                          |  nfet_03v3/4 = 6                          
                                           |                                           
(no matching net)                          |Net: net7                                  
                                           |  pfet_03v3/(1|3) = 2                      
                                           |                                           
(no matching net)                          |Net: net6                                  
                                           |  nfet_03v3/(1|3) = 2                      
                                           |                                           
(no matching net)                          |Net: net3                                  
                                           |  nfet_03v3/(1|3) = 2                      
                                           |                                           
(no matching net)                          |Net: net5                                  
                                           |  pfet_03v3/(1|3) = 2                      
---------------------------------------------------------------------------------------
Netlists do not match.
Port matching may fail to disambiguate symmetries.

Subcircuit pins:
Circuit 1: synapse                         |Circuit 2: synapse                         
-------------------------------------------|-------------------------------------------
vdd                                        |(no pin, node is net3)                     
vss                                        |(no pin, node is net5)                     
v_out                                      |v_out                                      
v_ctrl                                     |v_ctrl                                     
v_in                                       |v_in                                       
ve                                         |ve                                         
vi                                         |vi                                         
(no pin, node is vss)                      |vdd                                        
(no pin, node is vss)                      |vss                                        
---------------------------------------------------------------------------------------
Cell pin lists for synapse and synapse altered to match.
Device classes synapse and synapse are equivalent.

Final result: Top level cell failed pin matching.
