
Circuit 1 cell pfet_03v3 and Circuit 2 cell pfet_03v3 are black boxes.
Warning: Equate pins:  cell pfet_03v3 is a placeholder, treated as a black box.
Warning: Equate pins:  cell pfet_03v3 is a placeholder, treated as a black box.

Subcircuit pins:
Circuit 1: pfet_03v3                       |Circuit 2: pfet_03v3                       
-------------------------------------------|-------------------------------------------
1                                          |1                                          
2                                          |2                                          
3                                          |3                                          
4                                          |4                                          
---------------------------------------------------------------------------------------
Cell pin lists are equivalent.
Device classes pfet_03v3 and pfet_03v3 are equivalent.

Circuit 1 cell nfet_03v3 and Circuit 2 cell nfet_03v3 are black boxes.
Warning: Equate pins:  cell nfet_03v3 is a placeholder, treated as a black box.
Warning: Equate pins:  cell nfet_03v3 is a placeholder, treated as a black box.

Subcircuit pins:
Circuit 1: nfet_03v3                       |Circuit 2: nfet_03v3                       
-------------------------------------------|-------------------------------------------
1                                          |1                                          
2                                          |2                                          
3                                          |3                                          
4                                          |4                                          
---------------------------------------------------------------------------------------
Cell pin lists are equivalent.
Device classes nfet_03v3 and nfet_03v3 are equivalent.

Circuit 1 cell cap_mim_2f0_m4m5_noshield and Circuit 2 cell cap_mim_2f0fF are black boxes.
Warning: Equate pins:  cell cap_mim_2f0_m4m5_noshield is a placeholder, treated as a black box.
Warning: Equate pins:  cell cap_mim_2f0fF is a placeholder, treated as a black box.

Subcircuit pins:
Circuit 1: cap_mim_2f0_m4m5_noshield       |Circuit 2: cap_mim_2f0fF                   
-------------------------------------------|-------------------------------------------
1                                          |1                                          
2                                          |2                                          
---------------------------------------------------------------------------------------
Cell pin lists are equivalent.
Device classes cap_mim_2f0_m4m5_noshield and cap_mim_2f0fF are equivalent.
Flattening unmatched subcell pfet$9 in circuit not (0)(1 instance)
Flattening unmatched subcell nfet$14 in circuit not (0)(1 instance)

Subcircuit summary:
Circuit 1: not                             |Circuit 2: not                             
-------------------------------------------|-------------------------------------------
pfet_03v3 (1)                              |pfet_03v3 (1)                              
nfet_03v3 (1)                              |nfet_03v3 (1)                              
Number of devices: 2                       |Number of devices: 2                       
Number of nets: 4                          |Number of nets: 4                          
---------------------------------------------------------------------------------------
Netlists match uniquely.

Subcircuit pins:
Circuit 1: not                             |Circuit 2: not                             
-------------------------------------------|-------------------------------------------
out                                        |out                                        
in                                         |in                                         
vdd                                        |vdd                                        
vss                                        |vss                                        
---------------------------------------------------------------------------------------
Cell pin lists are equivalent.
Device classes not and not are equivalent.
Flattening unmatched subcell pfet$8 in circuit nand (0)(1 instance)
Flattening unmatched subcell nfet$13 in circuit nand (0)(1 instance)
Flattening unmatched subcell pfet$7 in circuit nand (0)(1 instance)
Flattening unmatched subcell nfet$12 in circuit nand (0)(1 instance)

Subcircuit summary:
Circuit 1: nand                            |Circuit 2: nand                            
-------------------------------------------|-------------------------------------------
pfet_03v3 (2)                              |pfet_03v3 (2)                              
nfet_03v3 (2)                              |nfet_03v3 (2)                              
Number of devices: 4                       |Number of devices: 4                       
Number of nets: 6                          |Number of nets: 6                          
---------------------------------------------------------------------------------------
Netlists match uniquely.

Subcircuit pins:
Circuit 1: nand                            |Circuit 2: nand                            
-------------------------------------------|-------------------------------------------
vdd                                        |vdd                                        
Z                                          |Z                                          
vss                                        |vss                                        
A                                          |A                                          
B                                          |B                                          
---------------------------------------------------------------------------------------
Cell pin lists are equivalent.
Device classes nand and nand are equivalent.
Flattening unmatched subcell nfet$7 in circuit ota_1stage (0)(2 instances)
Flattening unmatched subcell pfet$5 in circuit ota_1stage (0)(2 instances)
Flattening unmatched subcell nfet$8 in circuit ota_1stage (0)(2 instances)
Flattening unmatched subcell nfet$6 in circuit ota_1stage (0)(1 instance)

Subcircuit summary:
Circuit 1: ota_1stage                      |Circuit 2: ota_1stage                      
-------------------------------------------|-------------------------------------------
nfet_03v3 (5)                              |nfet_03v3 (5)                              
pfet_03v3 (2)                              |pfet_03v3 (2)                              
Number of devices: 7                       |Number of devices: 7                       
Number of nets: 8                          |Number of nets: 8                          
---------------------------------------------------------------------------------------
Netlists match uniquely.

Subcircuit pins:
Circuit 1: ota_1stage                      |Circuit 2: ota_1stage                      
-------------------------------------------|-------------------------------------------
vdd                                        |vdd                                        
vout                                       |vout                                       
vp                                         |vp                                         
vn                                         |vn                                         
vss                                        |vss                                        
---------------------------------------------------------------------------------------
Cell pin lists are equivalent.
Device classes ota_1stage and ota_1stage are equivalent.
Flattening unmatched subcell nfet$18 in circuit switch (0)(2 instances)
Flattening unmatched subcell pfet$13 in circuit switch (0)(2 instances)

Flattening instances of not in cell switch (1) makes a better match
Making another compare attempt.

Subcircuit summary:
Circuit 1: switch                          |Circuit 2: switch                          
-------------------------------------------|-------------------------------------------
nfet_03v3 (2)                              |nfet_03v3 (2)                              
pfet_03v3 (2)                              |pfet_03v3 (2)                              
Number of devices: 4                       |Number of devices: 4                       
Number of nets: 6                          |Number of nets: 6                          
---------------------------------------------------------------------------------------
Resolving symmetries by property value.
Resolving symmetries by pin name.
Netlists match uniquely.

Subcircuit pins:
Circuit 1: switch                          |Circuit 2: switch                          
-------------------------------------------|-------------------------------------------
out                                        |out                                        
in                                         |in                                         
vdd                                        |vdd                                        
cntrl                                      |cntrl                                      
vss                                        |vss                                        
---------------------------------------------------------------------------------------
Cell pin lists are equivalent.
Device classes switch and switch are equivalent.
Flattening unmatched subcell nfet$15 in circuit monostable (0)(2 instances)
Flattening unmatched subcell cap_mim in circuit monostable (0)(2 instances)

Subcircuit summary:
Circuit 1: monostable                      |Circuit 2: monostable                      
-------------------------------------------|-------------------------------------------
nfet_03v3 (2)                              |nfet_03v3 (2)                              
cap_mim_2f0_m4m5_noshield (2)              |cap_mim_2f0fF (2)                          
not (4)                                    |not (4)                                    
nand (2)                                   |nand (2)                                   
Number of devices: 10                      |Number of devices: 10                      
Number of nets: 12                         |Number of nets: 12                         
---------------------------------------------------------------------------------------
Netlists match uniquely.

Subcircuit pins:
Circuit 1: monostable                      |Circuit 2: monostable                      
-------------------------------------------|-------------------------------------------
vdd                                        |vdd                                        
vin                                        |vin                                        
phi_2                                      |phi_2                                      
vres                                       |vres                                       
phi_1                                      |phi_1                                      
vneg                                       |vneg                                       
vss                                        |vss                                        
---------------------------------------------------------------------------------------
Cell pin lists are equivalent.
Device classes monostable and monostable are equivalent.
Flattening unmatched subcell nfet$17 in circuit nor (0)(1 instance)
Flattening unmatched subcell pfet$12 in circuit nor (0)(1 instance)
Flattening unmatched subcell nfet$16 in circuit nor (0)(1 instance)
Flattening unmatched subcell pfet$11 in circuit nor (0)(1 instance)

Subcircuit summary:
Circuit 1: nor                             |Circuit 2: nor                             
-------------------------------------------|-------------------------------------------
nfet_03v3 (2)                              |nfet_03v3 (2)                              
pfet_03v3 (2)                              |pfet_03v3 (2)                              
Number of devices: 4                       |Number of devices: 4                       
Number of nets: 6                          |Number of nets: 6                          
---------------------------------------------------------------------------------------
Netlists match uniquely.

Subcircuit pins:
Circuit 1: nor                             |Circuit 2: nor                             
-------------------------------------------|-------------------------------------------
vdd                                        |vdd                                        
Z                                          |Z                                          
vss                                        |vss                                        
A                                          |A                                          
B                                          |B                                          
---------------------------------------------------------------------------------------
Cell pin lists are equivalent.
Device classes nor and nor are equivalent.
Flattening unmatched subcell pfet$14 in circuit conmutator (0)(3 instances)
Flattening unmatched subcell nfet$19 in circuit conmutator (0)(3 instances)

Flattening instances of not in cell conmutator (1) makes a better match
Making another compare attempt.

Subcircuit summary:
Circuit 1: conmutator                      |Circuit 2: conmutator                      
-------------------------------------------|-------------------------------------------
pfet_03v3 (3)                              |pfet_03v3 (3)                              
nfet_03v3 (3)                              |nfet_03v3 (3)                              
Number of devices: 6                       |Number of devices: 6                       
Number of nets: 7                          |Number of nets: 7                          
---------------------------------------------------------------------------------------
Netlists match uniquely.

Subcircuit pins:
Circuit 1: conmutator                      |Circuit 2: conmutator                      
-------------------------------------------|-------------------------------------------
in2                                        |in2                                        
in1                                        |in1                                        
vdd                                        |vdd                                        
cntrl                                      |cntrl                                      
vss                                        |vss                                        
out                                        |out                                        
---------------------------------------------------------------------------------------
Cell pin lists are equivalent.
Device classes conmutator and conmutator are equivalent.
Flattening unmatched subcell nfet$9 in circuit refractory (0)(2 instances)
Flattening unmatched subcell nfet$11 in circuit refractory (0)(1 instance)
Flattening unmatched subcell nfet$10 in circuit refractory (0)(1 instance)

Subcircuit summary:
Circuit 1: refractory                      |Circuit 2: refractory                      
-------------------------------------------|-------------------------------------------
nfet_03v3 (4)                              |nfet_03v3 (4)                              
ota_1stage (1)                             |ota_1stage (1)                             
Number of devices: 5                       |Number of devices: 5                       
Number of nets: 7                          |Number of nets: 7                          
---------------------------------------------------------------------------------------
Netlists match uniquely.

Subcircuit pins:
Circuit 1: refractory                      |Circuit 2: refractory                      
-------------------------------------------|-------------------------------------------
vdd                                        |vdd                                        
vrefrac                                    |vrefrac                                    
vneg                                       |vneg                                       
vspike_down                                |vspike_down                                
vss                                        |vss                                        
---------------------------------------------------------------------------------------
Cell pin lists are equivalent.
Device classes refractory and refractory are equivalent.
Flattening unmatched subcell not$1 in circuit phaseUpulse (0)(1 instance)
Flattening unmatched subcell nfet$3 in circuit phaseUpulse (0)(1 instance)
Flattening unmatched subcell pfet$1 in circuit phaseUpulse (0)(1 instance)
Flattening unmatched subcell vdiv in circuit phaseUpulse (1)(1 instance)

Flattening instances of not in cell phaseUpulse (1) makes a better match
Making another compare attempt.

Subcircuit summary:
Circuit 1: phaseUpulse                     |Circuit 2: phaseUpulse                     
-------------------------------------------|-------------------------------------------
switch (3)                                 |switch (3)                                 
nfet_03v3 (1)                              |nfet_03v3 (1)                              
pfet_03v3 (1)                              |pfet_03v3 (1)                              
monostable (1)                             |monostable (1)                             
nor (1)                                    |nor (1)                                    
conmutator (1)                             |conmutator (1)                             
refractory (1)                             |refractory (1)                             
(no matching element)                      |ppolyf_u (8)                               
Number of devices: 9 **Mismatch**          |Number of devices: 17 **Mismatch**         
Number of nets: 16                         |Number of nets: 16                         
---------------------------------------------------------------------------------------
NET mismatches: Class fragments follow (with fanout counts):
Circuit 1: phaseUpulse                     |Circuit 2: phaseUpulse                     

---------------------------------------------------------------------------------------
Net: vref                                  |Net: vref                                  
  switch/out = 1                           |  switch/out = 1                           
                                           |  ppolyf_u/(1|2) = 2                       
                                           |                                           
Net: vspike_up                             |Net: vspike_up                             
  conmutator/in1 = 1                       |  conmutator/in1 = 1                       
                                           |  ppolyf_u/(1|2) = 2                       
                                           |                                           
Net: vspike_down                           |Net: vspike_down                           
  refractory/vspike_down = 1               |  refractory/vspike_down = 1               
                                           |  ppolyf_u/(1|2) = 2                       
                                           |                                           
Net: vres                                  |Net: vres                                  
  monostable/vres = 1                      |  monostable/vres = 1                      
                                           |  ppolyf_u/(1|2) = 2                       
                                           |                                           
Net: vdd                                   |Net: vdd                                   
  switch/vdd = 3                           |  switch/vdd = 3                           
  pfet_03v3/(1|3) = 1                      |  pfet_03v3/(1|3) = 1                      
  pfet_03v3/4 = 1                          |  pfet_03v3/4 = 1                          
  monostable/vdd = 1                       |  monostable/vdd = 1                       
  nor/vdd = 1                              |  nor/vdd = 1                              
  conmutator/in2 = 1                       |  conmutator/in2 = 1                       
  conmutator/vdd = 1                       |  conmutator/vdd = 1                       
  refractory/vdd = 1                       |  refractory/vdd = 1                       
                                           |  ppolyf_u/(1|2) = 4                       
                                           |  ppolyf_u/3 = 8                           
                                           |                                           
Net: vss                                   |Net: vss                                   
  switch/vss = 3                           |  switch/vss = 3                           
  nfet_03v3/(1|3) = 1                      |  nfet_03v3/(1|3) = 1                      
  nfet_03v3/4 = 1                          |  nfet_03v3/4 = 1                          
  monostable/vss = 1                       |  monostable/vss = 1                       
  nor/vss = 1                              |  nor/vss = 1                              
  conmutator/vss = 1                       |  conmutator/vss = 1                       
  refractory/vss = 1                       |  refractory/vss = 1                       
                                           |  ppolyf_u/(1|2) = 4                       
---------------------------------------------------------------------------------------
DEVICE mismatches: Class fragments follow (with node fanout counts):
Circuit 1: phaseUpulse                     |Circuit 2: phaseUpulse                     

---------------------------------------------------------------------------------------
(no matching instance)                     |Instance: vdiv:5/ppolyf_u:R3               
                                           |  (1,2) = (22,3)                           
                                           |  3 = 22                                   
                                           |                                           
                                           |                                           
(no matching instance)                     |Instance: vdiv:5/ppolyf_u:R1               
                                           |  (1,2) = (13,3)                           
                                           |  3 = 22                                   
                                           |                                           
                                           |                                           
(no matching instance)                     |Instance: vdiv:5/ppolyf_u:R2               
                                           |  (1,2) = (13,3)                           
                                           |  3 = 22                                   
                                           |                                           
                                           |                                           
(no matching instance)                     |Instance: vdiv:5/ppolyf_u:R13              
                                           |  (1,2) = (22,3)                           
                                           |  3 = 22                                   
                                           |                                           
                                           |                                           
(no matching instance)                     |Instance: vdiv:5/ppolyf_u:R14              
                                           |  (1,2) = (22,3)                           
                                           |  3 = 22                                   
                                           |                                           
                                           |                                           
(no matching instance)                     |Instance: vdiv:5/ppolyf_u:R15              
                                           |  (1,2) = (13,3)                           
                                           |  3 = 22                                   
                                           |                                           
                                           |                                           
(no matching instance)                     |Instance: vdiv:5/ppolyf_u:R16              
                                           |  (1,2) = (13,3)                           
                                           |  3 = 22                                   
                                           |                                           
                                           |                                           
(no matching instance)                     |Instance: vdiv:5/ppolyf_u:R17              
                                           |  (1,2) = (22,3)                           
                                           |  3 = 22                                   
                                           |                                           
---------------------------------------------------------------------------------------
Netlists do not match.
Port matching may fail to disambiguate symmetries.

Subcircuit pins:
Circuit 1: phaseUpulse                     |Circuit 2: phaseUpulse                     
-------------------------------------------|-------------------------------------------
vdd                                        |vref **Mismatch**                          
vss                                        |(no pin, node is vspike_up)                
vref                                       |(no pin, node is vspike_down)              
vres                                       |(no pin, node is vres)                     
vspike_up                                  |vdd **Mismatch**                           
vspike_down                                |vss **Mismatch**                           
reward                                     |reward                                     
vin                                        |vin                                        
phi_2                                      |(no pin, node is phi_2)                    
vspike                                     |vspike                                     
phi_1                                      |(no pin, node is phi_1)                    
phi_int                                    |(no pin, node is phi_int)                  
phi_fire                                   |phi_fire                                   
vrefrac                                    |(no pin, node is vrefrac)                  
vneg                                       |(no pin, node is vneg)                     
---------------------------------------------------------------------------------------
Cell pin lists for phaseUpulse and phaseUpulse altered to match.
Device classes phaseUpulse and phaseUpulse are equivalent.

Final result: Top level cell failed pin matching.
