
Circuit 1 cell pfet_03v3 and Circuit 2 cell pfet_03v3 are black boxes.
Warning: Equate pins:  cell pfet_03v3 is a placeholder, treated as a black box.
Warning: Equate pins:  cell pfet_03v3 is a placeholder, treated as a black box.

Subcircuit pins:
Circuit 1: pfet_03v3                       |Circuit 2: pfet_03v3                       
-------------------------------------------|-------------------------------------------
1                                          |1                                          
2                                          |2                                          
3                                          |3                                          
4                                          |4                                          
---------------------------------------------------------------------------------------
Cell pin lists are equivalent.
Device classes pfet_03v3 and pfet_03v3 are equivalent.

Circuit 1 cell nfet_03v3 and Circuit 2 cell nfet_03v3 are black boxes.
Warning: Equate pins:  cell nfet_03v3 is a placeholder, treated as a black box.
Warning: Equate pins:  cell nfet_03v3 is a placeholder, treated as a black box.

Subcircuit pins:
Circuit 1: nfet_03v3                       |Circuit 2: nfet_03v3                       
-------------------------------------------|-------------------------------------------
1                                          |1                                          
2                                          |2                                          
3                                          |3                                          
4                                          |4                                          
---------------------------------------------------------------------------------------
Cell pin lists are equivalent.
Device classes nfet_03v3 and nfet_03v3 are equivalent.
Flattening unmatched subcell pfet in circuit schmitt_trigger (0)(1 instance)
Flattening unmatched subcell pfet$6 in circuit schmitt_trigger (0)(1 instance)
Flattening unmatched subcell pfet$4 in circuit schmitt_trigger (0)(2 instances)
Flattening unmatched subcell nfet$7 in circuit schmitt_trigger (0)(1 instance)
Flattening unmatched subcell nfet$5 in circuit schmitt_trigger (0)(1 instance)
Flattening unmatched subcell pfet$9 in circuit schmitt_trigger (0)(1 instance)
Flattening unmatched subcell pfet$7 in circuit schmitt_trigger (0)(1 instance)
Flattening unmatched subcell nfet in circuit schmitt_trigger (0)(1 instance)
Flattening unmatched subcell nfet$8 in circuit schmitt_trigger (0)(1 instance)
Flattening unmatched subcell nfet$6 in circuit schmitt_trigger (0)(1 instance)
Flattening unmatched subcell nfet$10 in circuit schmitt_trigger (0)(1 instance)
Flattening unmatched subcell nfet$4 in circuit schmitt_trigger (0)(1 instance)
Flattening unmatched subcell nfet$2 in circuit schmitt_trigger (0)(1 instance)

Class schmitt_trigger (0):  Merged 1 parallel devices.
Subcircuit summary:
Circuit 1: schmitt_trigger                 |Circuit 2: schmitt_trigger                 
-------------------------------------------|-------------------------------------------
pfet_03v3 (6)                              |pfet_03v3 (6)                              
nfet_03v3 (8->7)                           |nfet_03v3 (8) **Mismatch**                 
Number of devices: 13 **Mismatch**         |Number of devices: 14 **Mismatch**         
Number of nets: 5 **Mismatch**             |Number of nets: 7 **Mismatch**             
---------------------------------------------------------------------------------------
NET mismatches: Class fragments follow (with fanout counts):
Circuit 1: schmitt_trigger                 |Circuit 2: schmitt_trigger                 

---------------------------------------------------------------------------------------
Net: in                                    |Net: vdd                                   
  nfet_03v3/2 = 2                          |  pfet_03v3/(1|3) = 6                      
  pfet_03v3/2 = 1                          |  pfet_03v3/4 = 6                          
                                           |  nfet_03v3/(1|3) = 2                      
                                           |  nfet_03v3/2 = 2                          
                                           |                                           
Net: vss                                   |Net: vss                                   
  nfet_03v3/(1|3) = 9                      |  nfet_03v3/(1|3) = 4                      
  nfet_03v3/4 = 7                          |  nfet_03v3/4 = 8                          
  pfet_03v3/2 = 2                          |  pfet_03v3/2 = 2                          
  pfet_03v3/(1|3) = 7                      |                                           
  pfet_03v3/4 = 6                          |                                           
  nfet_03v3/2 = 3                          |                                           
                                           |                                           
(no matching net)                          |Net: outz                                  
                                           |  nfet_03v3/(1|3) = 3                      
                                           |  pfet_03v3/(1|3) = 1                      
                                           |  pfet_03v3/2 = 1                          
                                           |                                           
(no matching net)                          |Net: outy                                  
                                           |  nfet_03v3/(1|3) = 4                      
                                           |  nfet_03v3/2 = 1                          
                                           |  pfet_03v3/(1|3) = 1                      
---------------------------------------------------------------------------------------

---------------------------------------------------------------------------------------
Net: m2_n8799_n7122#                       |Net: in                                    
  pfet_03v3/2 = 1                          |  pfet_03v3/2 = 1                          
  pfet_03v3/(1|3) = 1                      |  nfet_03v3/2 = 3                          
  nfet_03v3/(1|3) = 2                      |                                           
---------------------------------------------------------------------------------------

---------------------------------------------------------------------------------------
Net: m3_n9961_n6054#                       |Net: outx                                  
  pfet_03v3/(1|3) = 3                      |  pfet_03v3/(1|3) = 3                      
  pfet_03v3/2 = 1                          |  pfet_03v3/2 = 1                          
  nfet_03v3/2 = 2                          |  nfet_03v3/2 = 2                          
  nfet_03v3/(1|3) = 2                      |  nfet_03v3/(1|3) = 2                      
---------------------------------------------------------------------------------------
DEVICE mismatches: Class fragments follow (with node fanout counts):
Circuit 1: schmitt_trigger                 |Circuit 2: schmitt_trigger                 

---------------------------------------------------------------------------------------
Instance: nfet$5_0/nfet_03v3:0             |Instance: nfet_03v3:M13                    
  (1,3) = (34,4)                           |  (1,3) = (14,8)                           
  2 = 3                                    |  2 = 16                                   
  4 = 34                                   |  4 = 14                                   
                                           |                                           
Instance: nfet_0/nfet_03v3:0               |Instance: nfet_03v3:M5                     
  (1,3) = (34,4)                           |  (1,3) = (16,5)                           
  2 = 34                                   |  2 = 6                                    
  4 = 34                                   |  4 = 14                                   
                                           |                                           
Instance: nfet$8_0/nfet_03v3:0             |Instance: nfet_03v3:M12                    
  (1,3) = (34,8)                           |  (1,3) = (14,6)                           
  2 = 34                                   |  2 = 16                                   
  4 = 34                                   |  4 = 14                                   
                                           |                                           
Instance: nfet$2_0/nfet_03v3:0             |Instance: nfet_03v3:M1                     
  (1,3) = (34,8)                           |  (1,3) = (14,5)                           
  2 = 3                                    |  2 = 4                                    
  4 = 34                                   |  4 = 14                                   
                                           |                                           
Instance: nfet$10_0/nfet_03v3:0            |Instance: nfet_03v3:M4                     
  (1,3) = (34,34)                          |  (1,3) = (6,5)                            
  2 = 34                                   |  2 = 4                                    
  4 = 34                                   |  4 = 14                                   
                                           |                                           
(no matching instance)                     |Instance: nfet_03v3:M3                     
                                           |  (1,3) = (8,6)                            
                                           |  2 = 4                                    
                                           |  4 = 14                                   
                                           |                                           
---------------------------------------------------------------------------------------

---------------------------------------------------------------------------------------
Instance: pfet$7_0/pfet_03v3:0             |Instance: pfet_03v3:M11                    
  (1,3) = (34,8)                           |  (1,3) = (16,8)                           
  2 = 3                                    |  2 = 14                                   
  4 = 34                                   |  4 = 16                                   
                                           |                                           
Instance: pfet$4_0/pfet_03v3:0             |Instance: pfet_03v3:M19                    
  (1,3) = (34,8)                           |  (1,3) = (16,5)                           
  2 = 34                                   |  2 = 5                                    
  4 = 34                                   |  4 = 16                                   
                                           |                                           
Instance: pfet$9_0/pfet_03v3:0             |Instance: pfet_03v3:M10                    
  (1,3) = (34,34)                          |  (1,3) = (16,6)                           
  2 = 34                                   |  2 = 14                                   
  4 = 34                                   |  4 = 16                                   
                                           |                                           
Instance: pfet$6_0/pfet_03v3:0             |Instance: pfet_03v3:M2                     
  (1,3) = (34,4)                           |  (1,3) = (16,8)                           
  2 = 4                                    |  2 = 4                                    
  4 = 34                                   |  4 = 16                                   
---------------------------------------------------------------------------------------
Netlists do not match.
Port matching may fail to disambiguate symmetries.

Subcircuit pins:
Circuit 1: schmitt_trigger                 |Circuit 2: schmitt_trigger                 
-------------------------------------------|-------------------------------------------
in                                         |vdd **Mismatch**                           
vss                                        |(no pin, node is outz)                     
out                                        |out                                        
(no pin, node is m2_n8799_n7122#)          |in                                         
(no pin, node is vss)                      |vss                                        
---------------------------------------------------------------------------------------
Cell pin lists for schmitt_trigger and schmitt_trigger altered to match.
Device classes schmitt_trigger and schmitt_trigger are equivalent.

Final result: Top level cell failed pin matching.
