
Circuit 1 cell nfet_05v0 and Circuit 2 cell nfet_06v0 are black boxes.
Warning: Equate pins:  cell nfet_05v0 is a placeholder, treated as a black box.
Warning: Equate pins:  cell nfet_06v0 is a placeholder, treated as a black box.

Subcircuit pins:
Circuit 1: nfet_05v0                       |Circuit 2: nfet_06v0                       
-------------------------------------------|-------------------------------------------
1                                          |1                                          
2                                          |2                                          
3                                          |3                                          
4                                          |4                                          
---------------------------------------------------------------------------------------
Cell pin lists are equivalent.
Device classes nfet_05v0 and nfet_06v0 are equivalent.

Circuit 1 cell pfet_05v0 and Circuit 2 cell pfet_06v0 are black boxes.
Warning: Equate pins:  cell pfet_05v0 is a placeholder, treated as a black box.
Warning: Equate pins:  cell pfet_06v0 is a placeholder, treated as a black box.

Subcircuit pins:
Circuit 1: pfet_05v0                       |Circuit 2: pfet_06v0                       
-------------------------------------------|-------------------------------------------
1                                          |1                                          
2                                          |2                                          
3                                          |3                                          
4                                          |4                                          
---------------------------------------------------------------------------------------
Cell pin lists are equivalent.
Device classes pfet_05v0 and pfet_06v0 are equivalent.

Circuit 1 cell pfet_03v3 and Circuit 2 cell pfet_03v3 are black boxes.
Warning: Equate pins:  cell pfet_03v3 is a placeholder, treated as a black box.
Warning: Equate pins:  cell pfet_03v3 is a placeholder, treated as a black box.

Subcircuit pins:
Circuit 1: pfet_03v3                       |Circuit 2: pfet_03v3                       
-------------------------------------------|-------------------------------------------
1                                          |1                                          
2                                          |2                                          
3                                          |3                                          
4                                          |4                                          
---------------------------------------------------------------------------------------
Cell pin lists are equivalent.
Device classes pfet_03v3 and pfet_03v3 are equivalent.

Circuit 1 cell nfet_03v3 and Circuit 2 cell nfet_03v3 are black boxes.
Warning: Equate pins:  cell nfet_03v3 is a placeholder, treated as a black box.
Warning: Equate pins:  cell nfet_03v3 is a placeholder, treated as a black box.

Subcircuit pins:
Circuit 1: nfet_03v3                       |Circuit 2: nfet_03v3                       
-------------------------------------------|-------------------------------------------
1                                          |1                                          
2                                          |2                                          
3                                          |3                                          
4                                          |4                                          
---------------------------------------------------------------------------------------
Cell pin lists are equivalent.
Device classes nfet_03v3 and nfet_03v3 are equivalent.

Subcircuit summary:
Circuit 1: gf180mcu_fd_sc_mcu9t5v0__latq_1 |Circuit 2: gf180mcu_fd_sc_mcu9t5v0__latq_1 
-------------------------------------------|-------------------------------------------
nfet_05v0 (8)                              |nfet_06v0 (8)                              
pfet_05v0 (8)                              |pfet_06v0 (8)                              
Number of devices: 16                      |Number of devices: 16                      
Number of nets: 15                         |Number of nets: 15                         
---------------------------------------------------------------------------------------
Netlists match uniquely.

Subcircuit pins:
Circuit 1: gf180mcu_fd_sc_mcu9t5v0__latq_1 |Circuit 2: gf180mcu_fd_sc_mcu9t5v0__latq_1 
-------------------------------------------|-------------------------------------------
E                                          |E                                          
D                                          |D                                          
Q                                          |Q                                          
VPW                                        |VPW                                        
VNW                                        |VNW                                        
VSS                                        |VSS                                        
VDD                                        |VDD                                        
---------------------------------------------------------------------------------------
Cell pin lists are equivalent.
Device classes gf180mcu_fd_sc_mcu9t5v0__latq_1 and gf180mcu_fd_sc_mcu9t5v0__latq_1 are equivalent.

Subcircuit summary:
Circuit 1: gf180mcu_fd_sc_mcu9t5v0__nand2_ |Circuit 2: gf180mcu_fd_sc_mcu9t5v0__nand2_ 
-------------------------------------------|-------------------------------------------
pfet_05v0 (2)                              |pfet_06v0 (2)                              
nfet_05v0 (2)                              |nfet_06v0 (2)                              
Number of devices: 4                       |Number of devices: 4                       
Number of nets: 8                          |Number of nets: 8                          
---------------------------------------------------------------------------------------
Netlists match uniquely.

Subcircuit pins:
Circuit 1: gf180mcu_fd_sc_mcu9t5v0__nand2_ |Circuit 2: gf180mcu_fd_sc_mcu9t5v0__nand2_ 
-------------------------------------------|-------------------------------------------
VSS                                        |VSS                                        
A2                                         |A2                                         
VPW                                        |VPW                                        
A1                                         |A1                                         
VDD                                        |VDD                                        
VNW                                        |VNW                                        
ZN                                         |ZN                                         
---------------------------------------------------------------------------------------
Cell pin lists are equivalent.
Device classes gf180mcu_fd_sc_mcu9t5v0__nand2_1 and gf180mcu_fd_sc_mcu9t5v0__nand2_1 are equivalent.

Subcircuit summary:
Circuit 1: gf180mcu_fd_sc_mcu9t5v0__inv_1  |Circuit 2: gf180mcu_fd_sc_mcu9t5v0__inv_1  
-------------------------------------------|-------------------------------------------
pfet_05v0 (1)                              |pfet_06v0 (1)                              
nfet_05v0 (1)                              |nfet_06v0 (1)                              
Number of devices: 2                       |Number of devices: 2                       
Number of nets: 6                          |Number of nets: 6                          
---------------------------------------------------------------------------------------
Netlists match uniquely.

Subcircuit pins:
Circuit 1: gf180mcu_fd_sc_mcu9t5v0__inv_1  |Circuit 2: gf180mcu_fd_sc_mcu9t5v0__inv_1  
-------------------------------------------|-------------------------------------------
VSS                                        |VSS                                        
VPW                                        |VPW                                        
VDD                                        |VDD                                        
VNW                                        |VNW                                        
ZN                                         |ZN                                         
I                                          |I                                          
---------------------------------------------------------------------------------------
Cell pin lists are equivalent.
Device classes gf180mcu_fd_sc_mcu9t5v0__inv_1 and gf180mcu_fd_sc_mcu9t5v0__inv_1 are equivalent.

Circuit 1 cell cap_mim_2f0_m4m5_noshield and Circuit 2 cell cap_mim_2f0fF are black boxes.
Warning: Equate pins:  cell cap_mim_2f0_m4m5_noshield is a placeholder, treated as a black box.
Warning: Equate pins:  cell cap_mim_2f0fF is a placeholder, treated as a black box.

Subcircuit pins:
Circuit 1: cap_mim_2f0_m4m5_noshield       |Circuit 2: cap_mim_2f0fF                   
-------------------------------------------|-------------------------------------------
1                                          |1                                          
2                                          |2                                          
---------------------------------------------------------------------------------------
Cell pin lists are equivalent.
Device classes cap_mim_2f0_m4m5_noshield and cap_mim_2f0fF are equivalent.

Subcircuit summary:
Circuit 1: gf180mcu_fd_sc_mcu9t5v0__inv_1$ |Circuit 2: gf180mcu_fd_sc_mcu9t5v0__inv_1  
-------------------------------------------|-------------------------------------------
pfet_05v0 (1)                              |pfet_06v0 (1)                              
nfet_05v0 (1)                              |nfet_06v0 (1)                              
Number of devices: 2                       |Number of devices: 2                       
Number of nets: 6                          |Number of nets: 6                          
---------------------------------------------------------------------------------------
Netlists match uniquely.

Subcircuit pins:
Circuit 1: gf180mcu_fd_sc_mcu9t5v0__inv_1$ |Circuit 2: gf180mcu_fd_sc_mcu9t5v0__inv_1  
-------------------------------------------|-------------------------------------------
VSS                                        |VSS                                        
VPW                                        |VPW                                        
VDD                                        |VDD                                        
VNW                                        |VNW                                        
ZN                                         |ZN                                         
I                                          |I                                          
---------------------------------------------------------------------------------------
Cell pin lists are equivalent.
Device classes gf180mcu_fd_sc_mcu9t5v0__inv_1$1 and gf180mcu_fd_sc_mcu9t5v0__inv_1 are equivalent.

Subcircuit summary:
Circuit 1: DFF_2phase_1$1                  |Circuit 2: DFF_2phase_1                    
-------------------------------------------|-------------------------------------------
gf180mcu_fd_sc_mcu9t5v0__latq_1 (2)        |gf180mcu_fd_sc_mcu9t5v0__latq_1 (2)        
gf180mcu_fd_sc_mcu9t5v0__nand2_1 (1)       |gf180mcu_fd_sc_mcu9t5v0__nand2_1 (1)       
gf180mcu_fd_sc_mcu9t5v0__inv_1 (1)         |gf180mcu_fd_sc_mcu9t5v0__inv_1 (1)         
Number of devices: 4                       |Number of devices: 4                       
Number of nets: 10                         |Number of nets: 10                         
---------------------------------------------------------------------------------------
Netlists match uniquely.

Subcircuit pins:
Circuit 1: DFF_2phase_1$1                  |Circuit 2: DFF_2phase_1                    
-------------------------------------------|-------------------------------------------
VDD                                        |VDD                                        
VSS                                        |VSS                                        
D                                          |D                                          
PHI_1                                      |PHI_1                                      
PHI_2                                      |PHI_2                                      
gated_control                              |gated_control                              
EN                                         |EN                                         
Q                                          |Q                                          
---------------------------------------------------------------------------------------
Cell pin lists are equivalent.
Device classes DFF_2phase_1$1 and DFF_2phase_1 are equivalent.
Flattening unmatched subcell pfet$4 in circuit not$1 (0)(1 instance)
Flattening unmatched subcell nfet$5 in circuit not$1 (0)(1 instance)

Subcircuit summary:
Circuit 1: not$1                           |Circuit 2: not                             
-------------------------------------------|-------------------------------------------
pfet_03v3 (1)                              |pfet_03v3 (1)                              
nfet_03v3 (1)                              |nfet_03v3 (1)                              
Number of devices: 2                       |Number of devices: 2                       
Number of nets: 4                          |Number of nets: 4                          
---------------------------------------------------------------------------------------
Netlists match uniquely.

Subcircuit pins:
Circuit 1: not$1                           |Circuit 2: not                             
-------------------------------------------|-------------------------------------------
out                                        |out                                        
in                                         |in                                         
vdd                                        |vdd                                        
vss                                        |vss                                        
---------------------------------------------------------------------------------------
Cell pin lists are equivalent.
Device classes not$1 and not are equivalent.
Flattening unmatched subcell pfet$2 in circuit nand (0)(1 instance)
Flattening unmatched subcell nfet$3 in circuit nand (0)(1 instance)
Flattening unmatched subcell pfet$3 in circuit nand (0)(1 instance)
Flattening unmatched subcell nfet$4 in circuit nand (0)(1 instance)

Subcircuit summary:
Circuit 1: nand                            |Circuit 2: nand                            
-------------------------------------------|-------------------------------------------
pfet_03v3 (2)                              |pfet_03v3 (2)                              
nfet_03v3 (2)                              |nfet_03v3 (2)                              
Number of devices: 4                       |Number of devices: 4                       
Number of nets: 6                          |Number of nets: 6                          
---------------------------------------------------------------------------------------
Netlists match uniquely.

Subcircuit pins:
Circuit 1: nand                            |Circuit 2: nand                            
-------------------------------------------|-------------------------------------------
Z                                          |Z                                          
vss                                        |vss                                        
vdd                                        |vdd                                        
B                                          |B                                          
A                                          |A                                          
---------------------------------------------------------------------------------------
Cell pin lists are equivalent.
Device classes nand and nand are equivalent.
Flattening unmatched subcell pfet in circuit ota_1stage (0)(2 instances)
Flattening unmatched subcell nfet$1 in circuit ota_1stage (0)(2 instances)
Flattening unmatched subcell nfet in circuit ota_1stage (0)(1 instance)
Flattening unmatched subcell nfet$2 in circuit ota_1stage (0)(2 instances)

Subcircuit summary:
Circuit 1: ota_1stage                      |Circuit 2: ota_1stage                      
-------------------------------------------|-------------------------------------------
pfet_03v3 (2)                              |pfet_03v3 (2)                              
nfet_03v3 (5)                              |nfet_03v3 (5)                              
Number of devices: 7                       |Number of devices: 7                       
Number of nets: 8                          |Number of nets: 8                          
---------------------------------------------------------------------------------------
Netlists match uniquely.

Subcircuit pins:
Circuit 1: ota_1stage                      |Circuit 2: ota_1stage                      
-------------------------------------------|-------------------------------------------
vp                                         |vp                                         
vn                                         |vn                                         
vss                                        |vss                                        
vout                                       |vout                                       
vdd                                        |vdd                                        
---------------------------------------------------------------------------------------
Cell pin lists are equivalent.
Device classes ota_1stage and ota_1stage are equivalent.
Flattening unmatched subcell pfet$5 in circuit swmatrix_Tgate (0)(1 instance)
Flattening unmatched subcell nfet$6 in circuit swmatrix_Tgate (0)(1 instance)

Class swmatrix_Tgate (0):  Merged 22 parallel devices.
Subcircuit summary:
Circuit 1: swmatrix_Tgate                  |Circuit 2: swmatrix_Tgate                  
-------------------------------------------|-------------------------------------------
gf180mcu_fd_sc_mcu9t5v0__inv_1$1 (1)       |gf180mcu_fd_sc_mcu9t5v0__inv_1 (1)         
pfet_03v3 (18->1)                          |pfet_03v3 (1)                              
nfet_03v3 (6->1)                           |nfet_03v3 (1)                              
Number of devices: 3                       |Number of devices: 3                       
Number of nets: 6                          |Number of nets: 6                          
---------------------------------------------------------------------------------------
Resolving symmetries by property value.
Resolving symmetries by pin name.
Netlists match uniquely.

Subcircuit pins:
Circuit 1: swmatrix_Tgate                  |Circuit 2: swmatrix_Tgate                  
-------------------------------------------|-------------------------------------------
VSS                                        |VSS                                        
VDD                                        |VDD                                        
gated_control                              |gated_control                              
T2                                         |T2                                         
T1                                         |T1                                         
---------------------------------------------------------------------------------------
Cell pin lists are equivalent.
Device classes swmatrix_Tgate and swmatrix_Tgate are equivalent.

Subcircuit summary:
Circuit 1: ShiftReg_row_10_2               |Circuit 2: ShiftReg_row_10_2               
-------------------------------------------|-------------------------------------------
DFF_2phase_1$1 (10)                        |DFF_2phase_1 (10)                          
Number of devices: 10                      |Number of devices: 10                      
Number of nets: 26                         |Number of nets: 26                         
---------------------------------------------------------------------------------------
Netlists match uniquely.

Subcircuit pins:
Circuit 1: ShiftReg_row_10_2               |Circuit 2: ShiftReg_row_10_2               
-------------------------------------------|-------------------------------------------
Q[1]                                       |Q[1]                                       
Q[2]                                       |Q[2]                                       
Q[3]                                       |Q[3]                                       
Q[4]                                       |Q[4]                                       
Q[5]                                       |Q[5]                                       
Q[6]                                       |Q[6]                                       
Q[7]                                       |Q[7]                                       
Q[8]                                       |Q[8]                                       
Q[9]                                       |Q[9]                                       
PHI_1                                      |PHI_1                                      
PHI_2                                      |PHI_2                                      
EN                                         |EN                                         
VDD                                        |VDD                                        
VSS                                        |VSS                                        
D_in                                       |D_in                                       
gc[1]                                      |gc[1]                                      
gc[2]                                      |gc[2]                                      
gc[3]                                      |gc[3]                                      
gc[4]                                      |gc[4]                                      
gc[5]                                      |gc[5]                                      
gc[6]                                      |gc[6]                                      
gc[7]                                      |gc[7]                                      
gc[8]                                      |gc[8]                                      
gc[9]                                      |gc[9]                                      
Q[10]                                      |Q[10]                                      
gc[10]                                     |gc[10]                                     
---------------------------------------------------------------------------------------
Cell pin lists are equivalent.
Device classes ShiftReg_row_10_2 and ShiftReg_row_10_2 are equivalent.

Subcircuit summary:
Circuit 1: gf180mcu_fd_sc_mcu9t5v0__and2_1 |Circuit 2: gf180mcu_fd_sc_mcu9t5v0__and2_1 
-------------------------------------------|-------------------------------------------
pfet_05v0 (3)                              |pfet_06v0 (3)                              
nfet_05v0 (3)                              |nfet_06v0 (3)                              
Number of devices: 6                       |Number of devices: 6                       
Number of nets: 9                          |Number of nets: 9                          
---------------------------------------------------------------------------------------
Netlists match uniquely.

Subcircuit pins:
Circuit 1: gf180mcu_fd_sc_mcu9t5v0__and2_1 |Circuit 2: gf180mcu_fd_sc_mcu9t5v0__and2_1 
-------------------------------------------|-------------------------------------------
A1                                         |A1                                         
VSS                                        |VSS                                        
A2                                         |A2                                         
Z                                          |Z                                          
VPW                                        |VPW                                        
VDD                                        |VDD                                        
VNW                                        |VNW                                        
---------------------------------------------------------------------------------------
Cell pin lists are equivalent.
Device classes gf180mcu_fd_sc_mcu9t5v0__and2_1 and gf180mcu_fd_sc_mcu9t5v0__and2_1 are equivalent.

Subcircuit summary:
Circuit 1: gf180mcu_fd_sc_mcu9t5v0__inv_1$ |Circuit 2: gf180mcu_fd_sc_mcu9t5v0__inv_1  
-------------------------------------------|-------------------------------------------
pfet_05v0 (1)                              |pfet_06v0 (1)                              
nfet_05v0 (1)                              |nfet_06v0 (1)                              
Number of devices: 2                       |Number of devices: 2                       
Number of nets: 6                          |Number of nets: 6                          
---------------------------------------------------------------------------------------
Netlists match uniquely.

Subcircuit pins:
Circuit 1: gf180mcu_fd_sc_mcu9t5v0__inv_1$ |Circuit 2: gf180mcu_fd_sc_mcu9t5v0__inv_1  
-------------------------------------------|-------------------------------------------
VSS                                        |VSS                                        
VPW                                        |VPW                                        
VDD                                        |VDD                                        
VNW                                        |VNW                                        
ZN                                         |ZN                                         
I                                          |I                                          
---------------------------------------------------------------------------------------
Cell pin lists are equivalent.
Device classes gf180mcu_fd_sc_mcu9t5v0__inv_1$3 and gf180mcu_fd_sc_mcu9t5v0__inv_1 are equivalent.

Subcircuit summary:
Circuit 1: gf180mcu_fd_sc_mcu9t5v0__nand2_ |Circuit 2: gf180mcu_fd_sc_mcu9t5v0__nand2_ 
-------------------------------------------|-------------------------------------------
pfet_05v0 (2)                              |pfet_06v0 (2)                              
nfet_05v0 (2)                              |nfet_06v0 (2)                              
Number of devices: 4                       |Number of devices: 4                       
Number of nets: 8                          |Number of nets: 8                          
---------------------------------------------------------------------------------------
Netlists match uniquely.

Subcircuit pins:
Circuit 1: gf180mcu_fd_sc_mcu9t5v0__nand2_ |Circuit 2: gf180mcu_fd_sc_mcu9t5v0__nand2_ 
-------------------------------------------|-------------------------------------------
VSS                                        |VSS                                        
A2                                         |A2                                         
VPW                                        |VPW                                        
A1                                         |A1                                         
VDD                                        |VDD                                        
VNW                                        |VNW                                        
ZN                                         |ZN                                         
---------------------------------------------------------------------------------------
Cell pin lists are equivalent.
Device classes gf180mcu_fd_sc_mcu9t5v0__nand2_1$2 and gf180mcu_fd_sc_mcu9t5v0__nand2_1 are equivalent.

Subcircuit summary:
Circuit 1: gf180mcu_fd_sc_mcu9t5v0__inv_1$ |Circuit 2: gf180mcu_fd_sc_mcu9t5v0__inv_1  
-------------------------------------------|-------------------------------------------
pfet_05v0 (1)                              |pfet_06v0 (1)                              
nfet_05v0 (1)                              |nfet_06v0 (1)                              
Number of devices: 2                       |Number of devices: 2                       
Number of nets: 6                          |Number of nets: 6                          
---------------------------------------------------------------------------------------
Netlists match uniquely.

Subcircuit pins:
Circuit 1: gf180mcu_fd_sc_mcu9t5v0__inv_1$ |Circuit 2: gf180mcu_fd_sc_mcu9t5v0__inv_1  
-------------------------------------------|-------------------------------------------
VSS                                        |VSS                                        
VPW                                        |VPW                                        
VDD                                        |VDD                                        
VNW                                        |VNW                                        
ZN                                         |ZN                                         
I                                          |I                                          
---------------------------------------------------------------------------------------
Cell pin lists are equivalent.
Device classes gf180mcu_fd_sc_mcu9t5v0__inv_1$4 and gf180mcu_fd_sc_mcu9t5v0__inv_1 are equivalent.
Flattening unmatched subcell nfet$9 in circuit nvdiv (0)(1 instance)
Flattening unmatched subcell nfet$7 in circuit nvdiv (0)(3 instances)
Flattening unmatched subcell nfet$8 in circuit nvdiv (0)(2 instances)
Flattening unmatched subcell nfet$10 in circuit nvdiv (0)(1 instance)

Subcircuit summary:
Circuit 1: nvdiv                           |Circuit 2: nvdiv                           
-------------------------------------------|-------------------------------------------
nfet_03v3 (7)                              |nfet_03v3 (7)                              
Number of devices: 7                       |Number of devices: 7                       
Number of nets: 7                          |Number of nets: 7                          
---------------------------------------------------------------------------------------
Netlists match uniquely.

Subcircuit pins:
Circuit 1: nvdiv                           |Circuit 2: nvdiv                           
-------------------------------------------|-------------------------------------------
vdd                                        |vdd                                        
vspike_up                                  |vspike_up                                  
vres                                       |vres                                       
vspike_down                                |vspike_down                                
vref                                       |vref                                       
vss                                        |vss                                        
---------------------------------------------------------------------------------------
Cell pin lists are equivalent.
Device classes nvdiv and nvdiv are equivalent.
Flattening unmatched subcell pfet$6 in circuit not (0)(1 instance)
Flattening unmatched subcell nfet$11 in circuit not (0)(1 instance)

Subcircuit summary:
Circuit 1: not                             |Circuit 2: not                             
-------------------------------------------|-------------------------------------------
pfet_03v3 (1)                              |pfet_03v3 (1)                              
nfet_03v3 (1)                              |nfet_03v3 (1)                              
Number of devices: 2                       |Number of devices: 2                       
Number of nets: 4                          |Number of nets: 4                          
---------------------------------------------------------------------------------------
Netlists match uniquely.

Subcircuit pins:
Circuit 1: not                             |Circuit 2: not                             
-------------------------------------------|-------------------------------------------
out                                        |out                                        
in                                         |in                                         
vdd                                        |vdd                                        
vss                                        |vss                                        
---------------------------------------------------------------------------------------
Cell pin lists are equivalent.
Device classes not and not are equivalent.
Flattening unmatched subcell nfet$15 in circuit monostable (0)(2 instances)
Flattening unmatched subcell cap_mim in circuit monostable (0)(2 instances)

Subcircuit summary:
Circuit 1: monostable                      |Circuit 2: monostable                      
-------------------------------------------|-------------------------------------------
nfet_03v3 (2)                              |nfet_03v3 (2)                              
cap_mim_2f0_m4m5_noshield (2)              |cap_mim_2f0fF (2)                          
not$1 (4)                                  |not (4)                                    
nand (2)                                   |nand (2)                                   
Number of devices: 10                      |Number of devices: 10                      
Number of nets: 12                         |Number of nets: 12                         
---------------------------------------------------------------------------------------
Netlists match uniquely.

Subcircuit pins:
Circuit 1: monostable                      |Circuit 2: monostable                      
-------------------------------------------|-------------------------------------------
vdd                                        |vdd                                        
vin                                        |vin                                        
phi_2                                      |phi_2                                      
vres                                       |vres                                       
phi_1                                      |phi_1                                      
vneg                                       |vneg                                       
vss                                        |vss                                        
---------------------------------------------------------------------------------------
Cell pin lists are equivalent.
Device classes monostable and monostable are equivalent.
Flattening unmatched subcell nfet$17 in circuit switch$1$1 (0)(2 instances)
Flattening unmatched subcell pfet$8 in circuit switch$1$1 (0)(2 instances)

Flattening instances of not in cell switch (1) makes a better match
Making another compare attempt.

Subcircuit summary:
Circuit 1: switch$1$1                      |Circuit 2: switch                          
-------------------------------------------|-------------------------------------------
nfet_03v3 (2)                              |nfet_03v3 (2)                              
pfet_03v3 (2)                              |pfet_03v3 (2)                              
Number of devices: 4                       |Number of devices: 4                       
Number of nets: 6                          |Number of nets: 6                          
---------------------------------------------------------------------------------------
Resolving symmetries by property value.
Resolving symmetries by pin name.
Netlists match uniquely.

Subcircuit pins:
Circuit 1: switch$1$1                      |Circuit 2: switch                          
-------------------------------------------|-------------------------------------------
out                                        |out                                        
in                                         |in                                         
vdd                                        |vdd                                        
cntrl                                      |cntrl                                      
vss                                        |vss                                        
---------------------------------------------------------------------------------------
Cell pin lists are equivalent.
Device classes switch$1$1 and switch are equivalent.
Flattening unmatched subcell pfet$10 in circuit nor (0)(1 instance)
Flattening unmatched subcell nfet$18 in circuit nor (0)(1 instance)
Flattening unmatched subcell pfet$11 in circuit nor (0)(1 instance)
Flattening unmatched subcell nfet$19 in circuit nor (0)(1 instance)

Subcircuit summary:
Circuit 1: nor                             |Circuit 2: nor                             
-------------------------------------------|-------------------------------------------
pfet_03v3 (2)                              |pfet_03v3 (2)                              
nfet_03v3 (2)                              |nfet_03v3 (2)                              
Number of devices: 4                       |Number of devices: 4                       
Number of nets: 6                          |Number of nets: 6                          
---------------------------------------------------------------------------------------
Netlists match uniquely.

Subcircuit pins:
Circuit 1: nor                             |Circuit 2: nor                             
-------------------------------------------|-------------------------------------------
vss                                        |vss                                        
vdd                                        |vdd                                        
Z                                          |Z                                          
A                                          |A                                          
B                                          |B                                          
---------------------------------------------------------------------------------------
Cell pin lists are equivalent.
Device classes nor and nor are equivalent.
Flattening unmatched subcell nfet$13 in circuit refractory (0)(1 instance)
Flattening unmatched subcell nfet$14 in circuit refractory (0)(1 instance)
Flattening unmatched subcell nfet$12 in circuit refractory (0)(2 instances)

Subcircuit summary:
Circuit 1: refractory                      |Circuit 2: refractory                      
-------------------------------------------|-------------------------------------------
ota_1stage (1)                             |ota_1stage (1)                             
nfet_03v3 (4)                              |nfet_03v3 (4)                              
Number of devices: 5                       |Number of devices: 5                       
Number of nets: 7                          |Number of nets: 7                          
---------------------------------------------------------------------------------------
Netlists match uniquely.

Subcircuit pins:
Circuit 1: refractory                      |Circuit 2: refractory                      
-------------------------------------------|-------------------------------------------
vrefrac                                    |vrefrac                                    
vspike_down                                |vspike_down                                
vneg                                       |vneg                                       
vss                                        |vss                                        
vdd                                        |vdd                                        
---------------------------------------------------------------------------------------
Cell pin lists are equivalent.
Device classes refractory and refractory are equivalent.
Flattening unmatched subcell pfet$7 in circuit conmutator$1$1 (0)(3 instances)
Flattening unmatched subcell nfet$16 in circuit conmutator$1$1 (0)(3 instances)

Flattening instances of not in cell conmutator (1) makes a better match
Making another compare attempt.

Subcircuit summary:
Circuit 1: conmutator$1$1                  |Circuit 2: conmutator                      
-------------------------------------------|-------------------------------------------
pfet_03v3 (3)                              |pfet_03v3 (3)                              
nfet_03v3 (3)                              |nfet_03v3 (3)                              
Number of devices: 6                       |Number of devices: 6                       
Number of nets: 7                          |Number of nets: 7                          
---------------------------------------------------------------------------------------
Netlists match uniquely.

Subcircuit pins:
Circuit 1: conmutator$1$1                  |Circuit 2: conmutator                      
-------------------------------------------|-------------------------------------------
in2                                        |in2                                        
in1                                        |in1                                        
vdd                                        |vdd                                        
cntrl                                      |cntrl                                      
vss                                        |vss                                        
out                                        |out                                        
---------------------------------------------------------------------------------------
Cell pin lists are equivalent.
Device classes conmutator$1$1 and conmutator are equivalent.

Subcircuit summary:
Circuit 1: swmatrix_row_10                 |Circuit 2: swmatrix_row_10                 
-------------------------------------------|-------------------------------------------
swmatrix_Tgate (10)                        |swmatrix_Tgate (10)                        
ShiftReg_row_10_2 (1)                      |ShiftReg_row_10_2 (1)                      
Number of devices: 11                      |Number of devices: 11                      
Number of nets: 37                         |Number of nets: 37                         
---------------------------------------------------------------------------------------
Netlists match uniquely.

Subcircuit pins:
Circuit 1: swmatrix_row_10                 |Circuit 2: swmatrix_row_10                 
-------------------------------------------|-------------------------------------------
ShiftReg_row_10_2_0/D_in                   |D_in **Mismatch**                          
d_out                                      |D_out                                      
ShiftReg_row_10_2_0/PHI_1                  |PHI_1 **Mismatch**                         
ShiftReg_row_10_2_0/PHI_2                  |PHI_2 **Mismatch**                         
ShiftReg_row_10_2_0/EN                     |enable **Mismatch**                        
BUS[1]                                     |BUS[1]                                     
BUS[2]                                     |BUS[2]                                     
BUS[4]                                     |BUS[4]                                     
BUS[6]                                     |BUS[6]                                     
BUS[5]                                     |BUS[5]                                     
BUS[3]                                     |BUS[3]                                     
BUS[8]                                     |BUS[8]                                     
BUS[10]                                    |BUS[10]                                    
BUS[9]                                     |BUS[9]                                     
BUS[7]                                     |BUS[7]                                     
pin                                        |pin                                        
swmatrix_Tgate_9/VDD                       |VDD **Mismatch**                           
VSUBS                                      |VSS **Mismatch**                           
---------------------------------------------------------------------------------------
Cell pin lists for swmatrix_row_10 and swmatrix_row_10 altered to match.
Device classes swmatrix_row_10 and swmatrix_row_10 are equivalent.

Subcircuit summary:
Circuit 1: En_clk_din                      |Circuit 2: En_clk_din                      
-------------------------------------------|-------------------------------------------
gf180mcu_fd_sc_mcu9t5v0__and2_1 (2)        |gf180mcu_fd_sc_mcu9t5v0__and2_1 (2)        
gf180mcu_fd_sc_mcu9t5v0__inv_1$3 (2)       |gf180mcu_fd_sc_mcu9t5v0__inv_1 (2)         
Number of devices: 4                       |Number of devices: 4                       
Number of nets: 9                          |Number of nets: 9                          
---------------------------------------------------------------------------------------
Resolving symmetries by property value.
Resolving symmetries by pin name.
Netlists match uniquely.

Subcircuit pins:
Circuit 1: En_clk_din                      |Circuit 2: En_clk_din                      
-------------------------------------------|-------------------------------------------
vdd                                        |VDD                                        
vss                                        |VSS                                        
d_in                                       |D_in                                       
clk                                        |clk                                        
data_in                                    |Data_in                                    
clock                                      |clock                                      
Enable                                     |enable                                     
---------------------------------------------------------------------------------------
Cell pin lists are equivalent.
Device classes En_clk_din and En_clk_din are equivalent.

Subcircuit summary:
Circuit 1: NO_ClkGen                       |Circuit 2: NO_ClkGen                       
-------------------------------------------|-------------------------------------------
gf180mcu_fd_sc_mcu9t5v0__nand2_1$2 (2)     |gf180mcu_fd_sc_mcu9t5v0__nand2_1 (2)       
gf180mcu_fd_sc_mcu9t5v0__inv_1$4 (18)      |gf180mcu_fd_sc_mcu9t5v0__inv_1 (18)        
Number of devices: 20                      |Number of devices: 20                      
Number of nets: 23                         |Number of nets: 23                         
---------------------------------------------------------------------------------------
Netlists match uniquely.

Subcircuit pins:
Circuit 1: NO_ClkGen                       |Circuit 2: NO_ClkGen                       
-------------------------------------------|-------------------------------------------
clk                                        |CLK                                        
vdd                                        |VDD                                        
vss                                        |VSS                                        
phi_2                                      |PHI_2                                      
phi_1                                      |PHI_1                                      
---------------------------------------------------------------------------------------
Cell pin lists are equivalent.
Device classes NO_ClkGen and NO_ClkGen are equivalent.
Flattening unmatched subcell pfet$14 in circuit ota_1stage$2 (0)(2 instances)
Flattening unmatched subcell nfet$27 in circuit ota_1stage$2 (0)(2 instances)
Flattening unmatched subcell nfet$25 in circuit ota_1stage$2 (0)(1 instance)
Flattening unmatched subcell nfet$26 in circuit ota_1stage$2 (0)(2 instances)

Subcircuit summary:
Circuit 1: ota_1stage$2                    |Circuit 2: ota_1stage                      
-------------------------------------------|-------------------------------------------
pfet_03v3 (2)                              |pfet_03v3 (2)                              
nfet_03v3 (5)                              |nfet_03v3 (5)                              
Number of devices: 7                       |Number of devices: 7                       
Number of nets: 8                          |Number of nets: 8                          
---------------------------------------------------------------------------------------
Netlists match uniquely.

Subcircuit pins:
Circuit 1: ota_1stage$2                    |Circuit 2: ota_1stage                      
-------------------------------------------|-------------------------------------------
vp                                         |vp                                         
vn                                         |vn                                         
vss                                        |vss                                        
vout                                       |vout                                       
vdd                                        |vdd                                        
---------------------------------------------------------------------------------------
Cell pin lists are equivalent.
Device classes ota_1stage$2 and ota_1stage are equivalent.
Flattening unmatched subcell nfet$22 in circuit ota_2stage (0)(1 instance)
Flattening unmatched subcell nfet$20 in circuit ota_2stage (0)(1 instance)
Flattening unmatched subcell pfet$12 in circuit ota_2stage (0)(2 instances)
Flattening unmatched subcell nfet$23 in circuit ota_2stage (0)(1 instance)
Flattening unmatched subcell nfet$21 in circuit ota_2stage (0)(2 instances)
Flattening unmatched subcell pfet$13 in circuit ota_2stage (0)(1 instance)
Flattening unmatched subcell cap_mim$1 in circuit ota_2stage (0)(1 instance)
Flattening unmatched subcell nfet$24 in circuit ota_2stage (0)(1 instance)

Subcircuit summary:
Circuit 1: ota_2stage                      |Circuit 2: ota_2stage                      
-------------------------------------------|-------------------------------------------
nfet_03v3 (6)                              |nfet_03v3 (6)                              
pfet_03v3 (3)                              |pfet_03v3 (8->3)                           
cap_mim_2f0_m4m5_noshield (1)              |cap_mim_2f0fF (1)                          
Number of devices: 10                      |Number of devices: 10                      
Number of nets: 9                          |Number of nets: 9                          
---------------------------------------------------------------------------------------
Netlists match uniquely.

Subcircuit pins:
Circuit 1: ota_2stage                      |Circuit 2: ota_2stage                      
-------------------------------------------|-------------------------------------------
vn                                         |vn                                         
vp                                         |vp                                         
vdd                                        |vdd                                        
vout                                       |vout                                       
vss                                        |vss                                        
---------------------------------------------------------------------------------------
Cell pin lists are equivalent.
Device classes ota_2stage and ota_2stage are equivalent.
Flattening unmatched subcell pfet$16 in circuit switch$1 (0)(2 instances)
Flattening unmatched subcell nfet$29 in circuit switch$1 (0)(2 instances)

Subcircuit summary:
Circuit 1: switch$1                        |Circuit 2: switch                          
-------------------------------------------|-------------------------------------------
pfet_03v3 (2)                              |pfet_03v3 (2)                              
nfet_03v3 (2)                              |nfet_03v3 (2)                              
Number of devices: 4                       |Number of devices: 4                       
Number of nets: 6                          |Number of nets: 6                          
---------------------------------------------------------------------------------------
Resolving symmetries by property value.
Resolving symmetries by pin name.
Netlists match uniquely.

Subcircuit pins:
Circuit 1: switch$1                        |Circuit 2: switch                          
-------------------------------------------|-------------------------------------------
out                                        |out                                        
in                                         |in                                         
vdd                                        |vdd                                        
cntrl                                      |cntrl                                      
vss                                        |vss                                        
---------------------------------------------------------------------------------------
Cell pin lists are equivalent.
Device classes switch$1 and switch are equivalent.
Flattening unmatched subcell pfet$15 in circuit conmutator$1 (0)(3 instances)
Flattening unmatched subcell nfet$28 in circuit conmutator$1 (0)(3 instances)

Subcircuit summary:
Circuit 1: conmutator$1                    |Circuit 2: conmutator                      
-------------------------------------------|-------------------------------------------
pfet_03v3 (3)                              |pfet_03v3 (3)                              
nfet_03v3 (3)                              |nfet_03v3 (3)                              
Number of devices: 6                       |Number of devices: 6                       
Number of nets: 7                          |Number of nets: 7                          
---------------------------------------------------------------------------------------
Netlists match uniquely.

Subcircuit pins:
Circuit 1: conmutator$1                    |Circuit 2: conmutator                      
-------------------------------------------|-------------------------------------------
in2                                        |in2                                        
in1                                        |in1                                        
vdd                                        |vdd                                        
cntrl                                      |cntrl                                      
vss                                        |vss                                        
out                                        |out                                        
---------------------------------------------------------------------------------------
Cell pin lists are equivalent.
Device classes conmutator$1 and conmutator are equivalent.

Subcircuit summary:
Circuit 1: phaseUpulse                     |Circuit 2: phaseUpulse                     
-------------------------------------------|-------------------------------------------
nvdiv (1)                                  |nvdiv (1)                                  
not (1)                                    |not (1)                                    
monostable (1)                             |monostable (1)                             
switch$1$1 (3)                             |switch (3)                                 
nor (1)                                    |nor (1)                                    
refractory (1)                             |refractory (1)                             
conmutator$1$1 (1)                         |conmutator (1)                             
Number of devices: 9                       |Number of devices: 9                       
Number of nets: 16                         |Number of nets: 16                         
---------------------------------------------------------------------------------------
NET mismatches: Class fragments follow (with fanout counts):
Circuit 1: phaseUpulse                     |Circuit 2: phaseUpulse                     

---------------------------------------------------------------------------------------
Net: reward                                |Net: reward                                
  conmutator$1$1/cntrl = 1                 |  conmutator/cntrl = 1                     
---------------------------------------------------------------------------------------

---------------------------------------------------------------------------------------
Net: vspike_up                             |Net: vspike_up                             
  nvdiv/vspike_up = 1                      |  nvdiv/vspike_up = 1                      
  conmutator$1$1/in1 = 1                   |  conmutator/in1 = 1                       
                                           |                                           
Net: switch$1$1_0/out                      |Net: net1                                  
  switch$1$1/out = 1                       |  switch/out = 1                           
  conmutator$1$1/out = 1                   |  conmutator/out = 1                       
---------------------------------------------------------------------------------------

---------------------------------------------------------------------------------------
Net: vdd                                   |Net: vdd                                   
  nvdiv/vdd = 1                            |  nvdiv/vdd = 1                            
  not/vdd = 1                              |  not/vdd = 1                              
  monostable/vdd = 1                       |  monostable/vdd = 1                       
  switch$1$1/vdd = 3                       |  conmutator/in2 = 1                       
  nor/vdd = 1                              |  nor/vdd = 1                              
  refractory/vdd = 1                       |  refractory/vdd = 1                       
  conmutator$1$1/in2 = 1                   |  switch/vdd = 3                           
  conmutator$1$1/vdd = 1                   |  conmutator/vdd = 1                       
---------------------------------------------------------------------------------------

---------------------------------------------------------------------------------------
Net: vss                                   |Net: vss                                   
  nvdiv/vss = 1                            |  nvdiv/vss = 1                            
  not/vss = 1                              |  not/vss = 1                              
  monostable/vss = 1                       |  monostable/vss = 1                       
  switch$1$1/vss = 3                       |  conmutator/vss = 1                       
  nor/vss = 1                              |  nor/vss = 1                              
  refractory/vss = 1                       |  refractory/vss = 1                       
  conmutator$1$1/vss = 1                   |  switch/vss = 3                           
---------------------------------------------------------------------------------------
DEVICE mismatches: Class fragments follow (with node fanout counts):
Circuit 1: phaseUpulse                     |Circuit 2: phaseUpulse                     

---------------------------------------------------------------------------------------
Instance: conmutator$1$1_0                 |Instance: conmutator:20                    
  out = 2                                  |  out = 2                                  
  in1 = 2                                  |  in1 = 2                                  
  in2 = 10                                 |  in2 = 10                                 
  vdd = 10                                 |  vdd = 10                                 
  cntrl = 1                                |  cntrl = 1                                
  vss = 9                                  |  vss = 9                                  
---------------------------------------------------------------------------------------
Netlists do not match.
Port matching may fail to disambiguate symmetries.
  Flattening non-matched subcircuits phaseUpulse phaseUpulse
Flattening unmatched subcell nfet$47 in circuit schmitt_trigger (0)(1 instance)
Flattening unmatched subcell nfet$45 in circuit schmitt_trigger (0)(1 instance)
Flattening unmatched subcell nfet$43 in circuit schmitt_trigger (0)(1 instance)
Flattening unmatched subcell nfet$41 in circuit schmitt_trigger (0)(1 instance)
Flattening unmatched subcell pfet$28 in circuit schmitt_trigger (0)(1 instance)
Flattening unmatched subcell pfet$26 in circuit schmitt_trigger (0)(2 instances)
Flattening unmatched subcell nfet$48 in circuit schmitt_trigger (0)(1 instance)
Flattening unmatched subcell nfet$46 in circuit schmitt_trigger (0)(1 instance)
Flattening unmatched subcell nfet$44 in circuit schmitt_trigger (0)(1 instance)
Flattening unmatched subcell pfet$29 in circuit schmitt_trigger (0)(1 instance)
Flattening unmatched subcell nfet$42 in circuit schmitt_trigger (0)(1 instance)
Flattening unmatched subcell pfet$27 in circuit schmitt_trigger (0)(1 instance)
Flattening unmatched subcell pfet$25 in circuit schmitt_trigger (0)(1 instance)

Subcircuit summary:
Circuit 1: schmitt_trigger                 |Circuit 2: schmitt_trigger                 
-------------------------------------------|-------------------------------------------
nfet_03v3 (8)                              |nfet_03v3 (8)                              
pfet_03v3 (6)                              |pfet_03v3 (6)                              
Number of devices: 14                      |Number of devices: 14                      
Number of nets: 7                          |Number of nets: 7                          
---------------------------------------------------------------------------------------
Netlists match uniquely.

Subcircuit pins:
Circuit 1: schmitt_trigger                 |Circuit 2: schmitt_trigger                 
-------------------------------------------|-------------------------------------------
out                                        |out                                        
in                                         |in                                         
vdd                                        |vdd                                        
vss                                        |vss                                        
---------------------------------------------------------------------------------------
Cell pin lists are equivalent.
Device classes schmitt_trigger and schmitt_trigger are equivalent.

Subcircuit summary:
Circuit 1: swmatrix_24_by_10               |Circuit 2: swmatrix_24_by_10               
-------------------------------------------|-------------------------------------------
swmatrix_row_10 (24)                       |swmatrix_row_10 (24)                       
En_clk_din (1)                             |En_clk_din (1)                             
NO_ClkGen (1)                              |NO_ClkGen (1)                              
Number of devices: 26                      |Number of devices: 26                      
Number of nets: 67                         |Number of nets: 67                         
---------------------------------------------------------------------------------------
Netlists match uniquely.

Subcircuit pins:
Circuit 1: swmatrix_24_by_10               |Circuit 2: swmatrix_24_by_10               
-------------------------------------------|-------------------------------------------
vdd                                        |VDD                                        
vss                                        |VSS                                        
Enable                                     |enable                                     
BUS[1]                                     |BUS[1]                                     
BUS[2]                                     |BUS[2]                                     
BUS[3]                                     |BUS[3]                                     
BUS[4]                                     |BUS[4]                                     
BUS[5]                                     |BUS[5]                                     
BUS[6]                                     |BUS[6]                                     
BUS[7]                                     |BUS[7]                                     
BUS[8]                                     |BUS[8]                                     
BUS[9]                                     |BUS[9]                                     
BUS[10]                                    |BUS[10]                                    
PIN[1]                                     |PIN[1]                                     
PIN[23]                                    |PIN[23]                                    
PIN[2]                                     |PIN[2]                                     
PIN[3]                                     |PIN[3]                                     
PIN[21]                                    |PIN[21]                                    
PIN[4]                                     |PIN[4]                                     
PIN[19]                                    |PIN[19]                                    
PIN[5]                                     |PIN[5]                                     
PIN[6]                                     |PIN[6]                                     
PIN[7]                                     |PIN[7]                                     
PIN[17]                                    |PIN[17]                                    
PIN[8]                                     |PIN[8]                                     
PIN[15]                                    |PIN[15]                                    
PIN[10]                                    |PIN[10]                                    
PIN[13]                                    |PIN[13]                                    
PIN[12]                                    |PIN[12]                                    
PIN[11]                                    |PIN[11]                                    
PIN[14]                                    |PIN[14]                                    
PIN[9]                                     |PIN[9]                                     
PIN[16]                                    |PIN[16]                                    
PIN[18]                                    |PIN[18]                                    
PIN[20]                                    |PIN[20]                                    
PIN[22]                                    |PIN[22]                                    
D_out                                      |D_out                                      
PIN[24]                                    |PIN[24]                                    
clk                                        |clk                                        
d_in                                       |D_in                                       
---------------------------------------------------------------------------------------
Cell pin lists are equivalent.
Device classes swmatrix_24_by_10 and swmatrix_24_by_10 are equivalent.
Flattening unmatched subcell pfet$21 in circuit synapse (0)(3 instances)
Flattening unmatched subcell nfet$36 in circuit synapse (0)(1 instance)
Flattening unmatched subcell nfet$34 in circuit synapse (0)(1 instance)
Flattening unmatched subcell pfet$19 in circuit synapse (0)(1 instance)
Flattening unmatched subcell pfet$22 in circuit synapse (0)(1 instance)
Flattening unmatched subcell pfet$20 in circuit synapse (0)(1 instance)
Flattening unmatched subcell nfet$37 in circuit synapse (0)(1 instance)
Flattening unmatched subcell nfet$35 in circuit synapse (0)(3 instances)

Subcircuit summary:
Circuit 1: synapse                         |Circuit 2: synapse                         
-------------------------------------------|-------------------------------------------
pfet_03v3 (6)                              |pfet_03v3 (6)                              
nfet_03v3 (6)                              |nfet_03v3 (6)                              
Number of devices: 12                      |Number of devices: 12                      
Number of nets: 14                         |Number of nets: 14                         
---------------------------------------------------------------------------------------
Netlists match uniquely.

Subcircuit pins:
Circuit 1: synapse                         |Circuit 2: synapse                         
-------------------------------------------|-------------------------------------------
ve                                         |ve                                         
vi                                         |vi                                         
v_out                                      |v_out                                      
v_ctrl                                     |v_ctrl                                     
vdd                                        |vdd                                        
vss                                        |vss                                        
v_in                                       |v_in                                       
---------------------------------------------------------------------------------------
Cell pin lists are equivalent.
Device classes synapse and synapse are equivalent.
Flattening unmatched subcell cap_mim$2 in circuit AH_neuron (0)(1 instance)
Flattening unmatched subcell nfet$32 in circuit AH_neuron (0)(1 instance)
Flattening unmatched subcell pfet$17 in circuit AH_neuron (0)(1 instance)
Flattening unmatched subcell nfet$30 in circuit AH_neuron (0)(1 instance)
Flattening unmatched subcell nfet$33 in circuit AH_neuron (0)(1 instance)
Flattening unmatched subcell pfet$18 in circuit AH_neuron (0)(1 instance)
Flattening unmatched subcell nfet$31 in circuit AH_neuron (0)(1 instance)

Subcircuit summary:
Circuit 1: AH_neuron                       |Circuit 2: AH_neuron                       
-------------------------------------------|-------------------------------------------
cap_mim_2f0_m4m5_noshield (1)              |cap_mim_2f0fF (1)                          
nfet_03v3 (4)                              |nfet_03v3 (4)                              
pfet_03v3 (2)                              |pfet_03v3 (2)                              
Number of devices: 7                       |Number of devices: 7                       
Number of nets: 7                          |Number of nets: 7                          
---------------------------------------------------------------------------------------
Netlists match uniquely.

Subcircuit pins:
Circuit 1: AH_neuron                       |Circuit 2: AH_neuron                       
-------------------------------------------|-------------------------------------------
v_bias                                     |v_bias                                     
vss                                        |vss                                        
vout                                       |vout                                       
vdd                                        |vdd                                        
Current_in                                 |Current_in                                 
---------------------------------------------------------------------------------------
Cell pin lists are equivalent.
Device classes AH_neuron and AH_neuron are equivalent.
Flattening unmatched subcell nfet$38 in circuit LIF_comp (0)(1 instance)
Flattening unmatched subcell cap_mim$3 in circuit LIF_comp (0)(1 instance)

Flattening instances of switch$1 in cell LIF_comp (0) makes a better match
Flattening instances of switch in cell LIF_comp (1) makes a better match
Flattening instances of conmutator$1 in cell LIF_comp (0) makes a better match
Flattening instances of conmutator in cell LIF_comp (1) makes a better match
Flattening instances of conmutator$1$1 in cell LIF_comp (0) makes a better match
Flattening instances of switch$1$1 in cell LIF_comp (0) makes a better match
Making another compare attempt.

Subcircuit summary:
Circuit 1: LIF_comp                        |Circuit 2: LIF_comp                        
-------------------------------------------|-------------------------------------------
ota_1stage$2 (1)                           |ota_1stage (1)                             
nfet_03v3 (21)                             |nfet_03v3 (21)                             
ota_2stage (1)                             |ota_2stage (1)                             
pfet_03v3 (20)                             |pfet_03v3 (20)                             
cap_mim_2f0_m4m5_noshield (1)              |cap_mim_2f0fF (1)                          
nvdiv (1)                                  |nvdiv (1)                                  
not (1)                                    |not (1)                                    
monostable (1)                             |monostable (1)                             
nor (1)                                    |nor (1)                                    
refractory (1)                             |refractory (1)                             
Number of devices: 49                      |Number of devices: 49                      
Number of nets: 29                         |Number of nets: 29                         
---------------------------------------------------------------------------------------
Netlists match uniquely.

Subcircuit pins:
Circuit 1: LIF_comp                        |Circuit 2: LIF_comp                        
-------------------------------------------|-------------------------------------------
vss                                        |vss                                        
vout                                       |vout                                       
v_rew                                      |v_rew                                      
vin                                        |vin                                        
vdd                                        |vdd                                        
---------------------------------------------------------------------------------------
Cell pin lists are equivalent.
Device classes LIF_comp and LIF_comp are equivalent.

Subcircuit summary:
Circuit 1: top                             |Circuit 2: top                             
-------------------------------------------|-------------------------------------------
schmitt_trigger (2)                        |schmitt_trigger (2)                        
swmatrix_24_by_10 (1)                      |swmatrix_24_by_10 (1)                      
synapse (6)                                |synapse (6)                                
AH_neuron (5)                              |AH_neuron (5)                              
LIF_comp (1)                               |LIF_comp (1)                               
Number of devices: 15                      |Number of devices: 15                      
Number of nets: 51 **Mismatch**            |Number of nets: 42 **Mismatch**            
---------------------------------------------------------------------------------------
NET mismatches: Class fragments follow (with fanout counts):
Circuit 1: top                             |Circuit 2: top                             

---------------------------------------------------------------------------------------
Net: BUS[1]                                |Net: net8                                  
  swmatrix_24_by_10/BUS[1] = 1             |  swmatrix_24_by_10/BUS[1] = 1             
                                           |  swmatrix_24_by_10/BUS[2] = 1             
                                           |  swmatrix_24_by_10/BUS[3] = 1             
                                           |  swmatrix_24_by_10/BUS[4] = 1             
                                           |  swmatrix_24_by_10/BUS[5] = 1             
                                           |  swmatrix_24_by_10/BUS[6] = 1             
                                           |  swmatrix_24_by_10/BUS[7] = 1             
                                           |  swmatrix_24_by_10/BUS[8] = 1             
                                           |  swmatrix_24_by_10/BUS[9] = 1             
                                           |  swmatrix_24_by_10/BUS[10] = 1            
                                           |                                           
Net: BUS[2]                                |(no matching net)                          
  swmatrix_24_by_10/BUS[2] = 1             |                                           
                                           |                                           
Net: swmatrix_24_by_10_0/BUS[3]            |(no matching net)                          
  swmatrix_24_by_10/BUS[3] = 1             |                                           
                                           |                                           
Net: swmatrix_24_by_10_0/BUS[4]            |(no matching net)                          
  swmatrix_24_by_10/BUS[4] = 1             |                                           
                                           |                                           
Net: swmatrix_24_by_10_0/BUS[5]            |(no matching net)                          
  swmatrix_24_by_10/BUS[5] = 1             |                                           
                                           |                                           
Net: swmatrix_24_by_10_0/BUS[6]            |(no matching net)                          
  swmatrix_24_by_10/BUS[6] = 1             |                                           
                                           |                                           
Net: swmatrix_24_by_10_0/BUS[7]            |(no matching net)                          
  swmatrix_24_by_10/BUS[7] = 1             |                                           
                                           |                                           
Net: swmatrix_24_by_10_0/BUS[8]            |(no matching net)                          
  swmatrix_24_by_10/BUS[8] = 1             |                                           
                                           |                                           
Net: swmatrix_24_by_10_0/BUS[9]            |(no matching net)                          
  swmatrix_24_by_10/BUS[9] = 1             |                                           
                                           |                                           
Net: swmatrix_24_by_10_0/BUS[10]           |(no matching net)                          
  swmatrix_24_by_10/BUS[10] = 1            |                                           
---------------------------------------------------------------------------------------

---------------------------------------------------------------------------------------
Net: vin_s0                                |Net: PIN[24]                               
  swmatrix_24_by_10/PIN[24] = 1            |  AH_neuron/vout = 1                       
  synapse/v_in = 1                         |  swmatrix_24_by_10/PIN[24] = 1            
                                           |                                           
Net: vout_s0                               |Net: PIN[23]                               
  swmatrix_24_by_10/PIN[23] = 1            |  AH_neuron/Current_in = 1                 
  synapse/v_out = 1                        |  swmatrix_24_by_10/PIN[23] = 1            
                                           |                                           
Net: vin_s1                                |Net: PIN[22]                               
  swmatrix_24_by_10/PIN[22] = 1            |  AH_neuron/vout = 1                       
  synapse/v_in = 1                         |  swmatrix_24_by_10/PIN[22] = 1            
                                           |                                           
Net: vin_s2                                |Net: PIN[21]                               
  swmatrix_24_by_10/PIN[20] = 1            |  AH_neuron/Current_in = 1                 
  synapse/v_in = 1                         |  swmatrix_24_by_10/PIN[21] = 1            
                                           |                                           
Net: vout_s2                               |Net: PIN[20]                               
  swmatrix_24_by_10/PIN[19] = 1            |  AH_neuron/vout = 1                       
  synapse/v_out = 1                        |  swmatrix_24_by_10/PIN[20] = 1            
                                           |                                           
Net: vin_s3                                |Net: PIN[19]                               
  swmatrix_24_by_10/PIN[18] = 1            |  AH_neuron/Current_in = 1                 
  synapse/v_in = 1                         |  swmatrix_24_by_10/PIN[19] = 1            
                                           |                                           
Net: vout_s1                               |Net: PIN[18]                               
  swmatrix_24_by_10/PIN[21] = 1            |  AH_neuron/vout = 1                       
  synapse/v_out = 1                        |  swmatrix_24_by_10/PIN[18] = 1            
                                           |                                           
Net: vout_s3                               |Net: PIN[17]                               
  swmatrix_24_by_10/PIN[17] = 1            |  AH_neuron/Current_in = 1                 
  synapse/v_out = 1                        |  swmatrix_24_by_10/PIN[17] = 1            
                                           |                                           
Net: vin_s4                                |Net: PIN[16]                               
  swmatrix_24_by_10/PIN[16] = 1            |  AH_neuron/vout = 1                       
  synapse/v_in = 1                         |  swmatrix_24_by_10/PIN[16] = 1            
                                           |                                           
Net: vout_s4                               |Net: PIN[15]                               
  swmatrix_24_by_10/PIN[15] = 1            |  AH_neuron/Current_in = 1                 
  synapse/v_out = 1                        |  swmatrix_24_by_10/PIN[15] = 1            
                                           |                                           
Net: vin_s5                                |Net: PIN[14]                               
  swmatrix_24_by_10/PIN[14] = 1            |  synapse/v_out = 1                        
  synapse/v_in = 1                         |  swmatrix_24_by_10/PIN[14] = 1            
                                           |                                           
Net: vout_s5                               |Net: PIN[13]                               
  swmatrix_24_by_10/PIN[13] = 1            |  synapse/v_in = 1                         
  synapse/v_out = 1                        |  swmatrix_24_by_10/PIN[13] = 1            
                                           |                                           
Net: i_in4                                 |Net: PIN[12]                               
  swmatrix_24_by_10/PIN[12] = 1            |  synapse/v_out = 1                        
  AH_neuron/Current_in = 1                 |  swmatrix_24_by_10/PIN[12] = 1            
                                           |                                           
Net: vout_4                                |Net: PIN[11]                               
  swmatrix_24_by_10/PIN[11] = 1            |  synapse/v_in = 1                         
  AH_neuron/vout = 1                       |  swmatrix_24_by_10/PIN[11] = 1            
                                           |                                           
Net: i_in3                                 |Net: PIN[10]                               
  swmatrix_24_by_10/PIN[10] = 1            |  synapse/v_out = 1                        
  AH_neuron/Current_in = 1                 |  swmatrix_24_by_10/PIN[10] = 1            
                                           |                                           
Net: vout_3                                |Net: PIN[9]                                
  swmatrix_24_by_10/PIN[9] = 1             |  synapse/v_in = 1                         
  AH_neuron/vout = 1                       |  swmatrix_24_by_10/PIN[9] = 1             
                                           |                                           
Net: i_in2                                 |Net: PIN[8]                                
  swmatrix_24_by_10/PIN[8] = 1             |  synapse/v_out = 1                        
  AH_neuron/Current_in = 1                 |  swmatrix_24_by_10/PIN[8] = 1             
                                           |                                           
Net: vout_2                                |Net: PIN[7]                                
  swmatrix_24_by_10/PIN[7] = 1             |  synapse/v_in = 1                         
  AH_neuron/vout = 1                       |  swmatrix_24_by_10/PIN[7] = 1             
                                           |                                           
Net: i_in1                                 |Net: PIN[6]                                
  swmatrix_24_by_10/PIN[6] = 1             |  synapse/v_out = 1                        
  AH_neuron/Current_in = 1                 |  swmatrix_24_by_10/PIN[6] = 1             
                                           |                                           
Net: vout_1                                |Net: PIN[5]                                
  swmatrix_24_by_10/PIN[5] = 1             |  synapse/v_in = 1                         
  AH_neuron/vout = 1                       |  swmatrix_24_by_10/PIN[5] = 1             
                                           |                                           
Net: i_in0                                 |Net: PIN[4]                                
  swmatrix_24_by_10/PIN[4] = 1             |  synapse/v_out = 1                        
  AH_neuron/Current_in = 1                 |  swmatrix_24_by_10/PIN[4] = 1             
                                           |                                           
Net: vout_0                                |Net: PIN[3]                                
  swmatrix_24_by_10/PIN[3] = 1             |  synapse/v_in = 1                         
  AH_neuron/vout = 1                       |  swmatrix_24_by_10/PIN[3] = 1             
                                           |                                           
Net: vin_lif                               |Net: PIN[2]                                
  swmatrix_24_by_10/PIN[2] = 1             |  LIF_comp/vout = 1                        
  LIF_comp/vin = 1                         |  swmatrix_24_by_10/PIN[2] = 1             
                                           |                                           
Net: vout_lif                              |Net: PIN[1]                                
  swmatrix_24_by_10/PIN[1] = 1             |  LIF_comp/vin = 1                         
  LIF_comp/vout = 1                        |  swmatrix_24_by_10/PIN[1] = 1             
---------------------------------------------------------------------------------------
Netlists do not match.
Port matching may fail to disambiguate symmetries.

Subcircuit pins:
Circuit 1: top                             |Circuit 2: top                             
-------------------------------------------|-------------------------------------------
BUS[1]                                     |(no pin, node is net8)                     
Cell pin lists are equivalent.
Device classes top and top are equivalent.

Final result: Netlists do not match.
Port matching may fail to disambiguate symmetries.
