
Circuit 1 cell pfet_05v0 and Circuit 2 cell pfet_05v0 are black boxes.
Warning: Equate pins:  cell pfet_05v0 is a placeholder, treated as a black box.
Warning: Equate pins:  cell pfet_05v0 is a placeholder, treated as a black box.

Subcircuit pins:
Circuit 1: pfet_05v0                       |Circuit 2: pfet_05v0                       
-------------------------------------------|-------------------------------------------
1                                          |1                                          
2                                          |2                                          
3                                          |3                                          
4                                          |4                                          
---------------------------------------------------------------------------------------
Cell pin lists are equivalent.
Device classes pfet_05v0 and pfet_05v0 are equivalent.

Circuit 1 cell nfet_05v0 and Circuit 2 cell nfet_05v0 are black boxes.
Warning: Equate pins:  cell nfet_05v0 is a placeholder, treated as a black box.
Warning: Equate pins:  cell nfet_05v0 is a placeholder, treated as a black box.

Subcircuit pins:
Circuit 1: nfet_05v0                       |Circuit 2: nfet_05v0                       
-------------------------------------------|-------------------------------------------
1                                          |1                                          
2                                          |2                                          
3                                          |3                                          
4                                          |4                                          
---------------------------------------------------------------------------------------
Cell pin lists are equivalent.
Device classes nfet_05v0 and nfet_05v0 are equivalent.

Subcircuit summary:
Circuit 1: gf180mcu_fd_sc_mcu9t5v0__nand2_ |Circuit 2: gf180mcu_fd_sc_mcu9t5v0__nand2_ 
-------------------------------------------|-------------------------------------------
pfet_05v0 (2)                              |pfet_05v0 (2)                              
nfet_05v0 (2)                              |nfet_05v0 (2)                              
Number of devices: 4                       |Number of devices: 4                       
Number of nets: 8                          |Number of nets: 8                          
---------------------------------------------------------------------------------------
Netlists match uniquely.

Subcircuit pins:
Circuit 1: gf180mcu_fd_sc_mcu9t5v0__nand2_ |Circuit 2: gf180mcu_fd_sc_mcu9t5v0__nand2_ 
-------------------------------------------|-------------------------------------------
VSS                                        |VSS                                        
A2                                         |A2                                         
VPW                                        |VPW                                        
A1                                         |A1                                         
VDD                                        |VDD                                        
VNW                                        |VNW                                        
ZN                                         |ZN                                         
---------------------------------------------------------------------------------------
Cell pin lists are equivalent.
Device classes gf180mcu_fd_sc_mcu9t5v0__nand2_1 and gf180mcu_fd_sc_mcu9t5v0__nand2_1 are equivalent.

Subcircuit summary:
Circuit 1: gf180mcu_fd_sc_mcu9t5v0__latq_1 |Circuit 2: gf180mcu_fd_sc_mcu9t5v0__latq_1 
-------------------------------------------|-------------------------------------------
nfet_05v0 (8)                              |nfet_05v0 (8)                              
pfet_05v0 (8)                              |pfet_05v0 (8)                              
Number of devices: 16                      |Number of devices: 16                      
Number of nets: 15                         |Number of nets: 15                         
---------------------------------------------------------------------------------------
Netlists match uniquely.

Subcircuit pins:
Circuit 1: gf180mcu_fd_sc_mcu9t5v0__latq_1 |Circuit 2: gf180mcu_fd_sc_mcu9t5v0__latq_1 
-------------------------------------------|-------------------------------------------
E                                          |E                                          
D                                          |D                                          
Q                                          |Q                                          
VPW                                        |VPW                                        
VNW                                        |VNW                                        
VSS                                        |VSS                                        
VDD                                        |VDD                                        
---------------------------------------------------------------------------------------
Cell pin lists are equivalent.
Device classes gf180mcu_fd_sc_mcu9t5v0__latq_1$1 and gf180mcu_fd_sc_mcu9t5v0__latq_1 are equivalent.

Subcircuit summary:
Circuit 1: gf180mcu_fd_sc_mcu9t5v0__inv_1  |Circuit 2: gf180mcu_fd_sc_mcu9t5v0__inv_1  
-------------------------------------------|-------------------------------------------
pfet_05v0 (1)                              |pfet_05v0 (1)                              
nfet_05v0 (1)                              |nfet_05v0 (1)                              
Number of devices: 2                       |Number of devices: 2                       
Number of nets: 6                          |Number of nets: 6                          
---------------------------------------------------------------------------------------
Netlists match uniquely.

Subcircuit pins:
Circuit 1: gf180mcu_fd_sc_mcu9t5v0__inv_1  |Circuit 2: gf180mcu_fd_sc_mcu9t5v0__inv_1  
-------------------------------------------|-------------------------------------------
VSS                                        |VSS                                        
VPW                                        |VPW                                        
VDD                                        |VDD                                        
VNW                                        |VNW                                        
ZN                                         |ZN                                         
I                                          |I                                          
---------------------------------------------------------------------------------------
Cell pin lists are equivalent.
Device classes gf180mcu_fd_sc_mcu9t5v0__inv_1 and gf180mcu_fd_sc_mcu9t5v0__inv_1 are equivalent.

Circuit 1 cell nfet_03v3 and Circuit 2 cell nfet_03v3 are black boxes.
Warning: Equate pins:  cell nfet_03v3 is a placeholder, treated as a black box.
Warning: Equate pins:  cell nfet_03v3 is a placeholder, treated as a black box.

Subcircuit pins:
Circuit 1: nfet_03v3                       |Circuit 2: nfet_03v3                       
-------------------------------------------|-------------------------------------------
1                                          |1                                          
2                                          |2                                          
3                                          |3                                          
4                                          |4                                          
---------------------------------------------------------------------------------------
Cell pin lists are equivalent.
Device classes nfet_03v3 and nfet_03v3 are equivalent.

Circuit 1 cell pfet_03v3 and Circuit 2 cell pfet_03v3 are black boxes.
Warning: Equate pins:  cell pfet_03v3 is a placeholder, treated as a black box.
Warning: Equate pins:  cell pfet_03v3 is a placeholder, treated as a black box.

Subcircuit pins:
Circuit 1: pfet_03v3                       |Circuit 2: pfet_03v3                       
-------------------------------------------|-------------------------------------------
1                                          |1                                          
2                                          |2                                          
3                                          |3                                          
4                                          |4                                          
---------------------------------------------------------------------------------------
Cell pin lists are equivalent.
Device classes pfet_03v3 and pfet_03v3 are equivalent.

Subcircuit summary:
Circuit 1: DFF_2phase_1$1                  |Circuit 2: DFF_2phase_1                    
-------------------------------------------|-------------------------------------------
gf180mcu_fd_sc_mcu9t5v0__nand2_1 (1)       |gf180mcu_fd_sc_mcu9t5v0__nand2_1 (1)       
gf180mcu_fd_sc_mcu9t5v0__latq_1$1 (2)      |gf180mcu_fd_sc_mcu9t5v0__latq_1 (2)        
gf180mcu_fd_sc_mcu9t5v0__inv_1 (1)         |gf180mcu_fd_sc_mcu9t5v0__inv_1 (1)         
Number of devices: 4                       |Number of devices: 4                       
Number of nets: 10                         |Number of nets: 10                         
---------------------------------------------------------------------------------------
Netlists match uniquely.

Subcircuit pins:
Circuit 1: DFF_2phase_1$1                  |Circuit 2: DFF_2phase_1                    
-------------------------------------------|-------------------------------------------
VDD                                        |VDD                                        
VSS                                        |VSS                                        
Q                                          |Q                                          
D                                          |D                                          
PHI_1                                      |PHI_1                                      
PHI_2                                      |PHI_2                                      
gated_control                              |gated_control                              
EN                                         |EN                                         
---------------------------------------------------------------------------------------
Cell pin lists are equivalent.
Device classes DFF_2phase_1$1 and DFF_2phase_1 are equivalent.

Subcircuit summary:
Circuit 1: gf180mcu_fd_sc_mcu9t5v0__inv_1$ |Circuit 2: gf180mcu_fd_sc_mcu9t5v0__inv_1  
-------------------------------------------|-------------------------------------------
pfet_05v0 (1)                              |pfet_05v0 (1)                              
nfet_05v0 (1)                              |nfet_05v0 (1)                              
Number of devices: 2                       |Number of devices: 2                       
Number of nets: 6                          |Number of nets: 6                          
---------------------------------------------------------------------------------------
Netlists match uniquely.

Subcircuit pins:
Circuit 1: gf180mcu_fd_sc_mcu9t5v0__inv_1$ |Circuit 2: gf180mcu_fd_sc_mcu9t5v0__inv_1  
-------------------------------------------|-------------------------------------------
VSS                                        |VSS                                        
VPW                                        |VPW                                        
VDD                                        |VDD                                        
VNW                                        |VNW                                        
ZN                                         |ZN                                         
I                                          |I                                          
---------------------------------------------------------------------------------------
Cell pin lists are equivalent.
Device classes gf180mcu_fd_sc_mcu9t5v0__inv_1$1 and gf180mcu_fd_sc_mcu9t5v0__inv_1 are equivalent.

Subcircuit summary:
Circuit 1: ShiftReg_row_10_2$1             |Circuit 2: ShiftReg_row_10_2               
-------------------------------------------|-------------------------------------------
DFF_2phase_1$1 (10)                        |DFF_2phase_1 (10)                          
Number of devices: 10                      |Number of devices: 10                      
Number of nets: 26                         |Number of nets: 26                         
---------------------------------------------------------------------------------------
Netlists match uniquely.

Subcircuit pins:
Circuit 1: ShiftReg_row_10_2$1             |Circuit 2: ShiftReg_row_10_2               
-------------------------------------------|-------------------------------------------
Q[1]                                       |Q[1]                                       
Q[2]                                       |Q[2]                                       
Q[3]                                       |Q[3]                                       
Q[4]                                       |Q[4]                                       
Q[5]                                       |Q[5]                                       
Q[6]                                       |Q[6]                                       
Q[7]                                       |Q[7]                                       
Q[8]                                       |Q[8]                                       
Q[9]                                       |Q[9]                                       
PHI_1                                      |PHI_1                                      
PHI_2                                      |PHI_2                                      
EN                                         |EN                                         
VDD                                        |VDD                                        
VSS                                        |VSS                                        
D_in                                       |D_in                                       
gc[1]                                      |gc[1]                                      
gc[2]                                      |gc[2]                                      
gc[3]                                      |gc[3]                                      
gc[4]                                      |gc[4]                                      
gc[5]                                      |gc[5]                                      
gc[6]                                      |gc[6]                                      
gc[7]                                      |gc[7]                                      
gc[8]                                      |gc[8]                                      
gc[9]                                      |gc[9]                                      
Q[10]                                      |Q[10]                                      
gc[10]                                     |gc[10]                                     
---------------------------------------------------------------------------------------
Cell pin lists are equivalent.
Device classes ShiftReg_row_10_2$1 and ShiftReg_row_10_2 are equivalent.
Flattening unmatched subcell nfet$1 in circuit swmatrix_Tgate (0)(1 instance)
Flattening unmatched subcell pfet$1 in circuit swmatrix_Tgate (0)(1 instance)

Class swmatrix_Tgate (0):  Merged 21 parallel devices.
Subcircuit summary:
Circuit 1: swmatrix_Tgate                  |Circuit 2: swmatrix_Tgate                  
-------------------------------------------|-------------------------------------------
gf180mcu_fd_sc_mcu9t5v0__inv_1$1 (1)       |gf180mcu_fd_sc_mcu9t5v0__inv_1 (1)         
nfet_03v3 (6->1)                           |nfet_03v3 (1)                              
pfet_03v3 (17->1)                          |pfet_03v3 (1)                              
Number of devices: 3                       |Number of devices: 3                       
Number of nets: 4 **Mismatch**             |Number of nets: 6 **Mismatch**             
---------------------------------------------------------------------------------------
NET mismatches: Class fragments follow (with fanout counts):
Circuit 1: swmatrix_Tgate                  |Circuit 2: swmatrix_Tgate                  

---------------------------------------------------------------------------------------
Net: T2                                    |Net: T2                                    
  nfet_03v3/(1|3) = 1                      |  nfet_03v3/(1|3) = 1                      
  pfet_03v3/(1|3) = 1                      |  pfet_03v3/(1|3) = 1                      
                                           |                                           
Net: T1                                    |Net: T1                                    
  nfet_03v3/(1|3) = 1                      |  nfet_03v3/(1|3) = 1                      
  pfet_03v3/(1|3) = 1                      |  pfet_03v3/(1|3) = 1                      
  gf180mcu_fd_sc_mcu9t5v0__inv_1$1/VNW = 1 |                                           
  gf180mcu_fd_sc_mcu9t5v0__inv_1$1/VPW = 1 |                                           
  gf180mcu_fd_sc_mcu9t5v0__inv_1$1/VDD = 1 |                                           
  nfet_03v3/4 = 1                          |                                           
  gf180mcu_fd_sc_mcu9t5v0__inv_1$1/VSS = 1 |                                           
  pfet_03v3/4 = 1                          |                                           
                                           |                                           
(no matching net)                          |Net: VSS                                   
                                           |  nfet_03v3/4 = 1                          
                                           |  gf180mcu_fd_sc_mcu9t5v0__inv_1/VSS = 1   
                                           |  gf180mcu_fd_sc_mcu9t5v0__inv_1/VPW = 1   
                                           |                                           
(no matching net)                          |Net: VDD                                   
                                           |  pfet_03v3/4 = 1                          
                                           |  gf180mcu_fd_sc_mcu9t5v0__inv_1/VDD = 1   
                                           |  gf180mcu_fd_sc_mcu9t5v0__inv_1/VNW = 1   
---------------------------------------------------------------------------------------
Netlists do not match.
Port matching may fail to disambiguate symmetries.
  Flattening non-matched subcircuits swmatrix_Tgate swmatrix_Tgate

Subcircuit summary:
Circuit 1: gf180mcu_fd_sc_mcu9t5v0__and2_1 |Circuit 2: gf180mcu_fd_sc_mcu9t5v0__and2_1 
-------------------------------------------|-------------------------------------------
pfet_05v0 (3)                              |pfet_05v0 (3)                              
nfet_05v0 (3)                              |nfet_05v0 (3)                              
Number of devices: 6                       |Number of devices: 6                       
Number of nets: 9                          |Number of nets: 9                          
---------------------------------------------------------------------------------------
Netlists match uniquely.

Subcircuit pins:
Circuit 1: gf180mcu_fd_sc_mcu9t5v0__and2_1 |Circuit 2: gf180mcu_fd_sc_mcu9t5v0__and2_1 
-------------------------------------------|-------------------------------------------
A1                                         |A1                                         
VSS                                        |VSS                                        
A2                                         |A2                                         
Z                                          |Z                                          
VPW                                        |VPW                                        
VDD                                        |VDD                                        
VNW                                        |VNW                                        
---------------------------------------------------------------------------------------
Cell pin lists are equivalent.
Device classes gf180mcu_fd_sc_mcu9t5v0__and2_1 and gf180mcu_fd_sc_mcu9t5v0__and2_1 are equivalent.

Subcircuit summary:
Circuit 1: gf180mcu_fd_sc_mcu9t5v0__inv_1$ |Circuit 2: gf180mcu_fd_sc_mcu9t5v0__inv_1  
-------------------------------------------|-------------------------------------------
pfet_05v0 (1)                              |pfet_05v0 (1)                              
nfet_05v0 (1)                              |nfet_05v0 (1)                              
Number of devices: 2                       |Number of devices: 2                       
Number of nets: 6                          |Number of nets: 6                          
---------------------------------------------------------------------------------------
Netlists match uniquely.

Subcircuit pins:
Circuit 1: gf180mcu_fd_sc_mcu9t5v0__inv_1$ |Circuit 2: gf180mcu_fd_sc_mcu9t5v0__inv_1  
-------------------------------------------|-------------------------------------------
VSS                                        |VSS                                        
VPW                                        |VPW                                        
VDD                                        |VDD                                        
VNW                                        |VNW                                        
ZN                                         |ZN                                         
I                                          |I                                          
---------------------------------------------------------------------------------------
Cell pin lists are equivalent.
Device classes gf180mcu_fd_sc_mcu9t5v0__inv_1$5 and gf180mcu_fd_sc_mcu9t5v0__inv_1 are equivalent.

Subcircuit summary:
Circuit 1: gf180mcu_fd_sc_mcu9t5v0__nand2_ |Circuit 2: gf180mcu_fd_sc_mcu9t5v0__nand2_ 
-------------------------------------------|-------------------------------------------
pfet_05v0 (2)                              |pfet_05v0 (2)                              
nfet_05v0 (2)                              |nfet_05v0 (2)                              
Number of devices: 4                       |Number of devices: 4                       
Number of nets: 8                          |Number of nets: 8                          
---------------------------------------------------------------------------------------
Netlists match uniquely.

Subcircuit pins:
Circuit 1: gf180mcu_fd_sc_mcu9t5v0__nand2_ |Circuit 2: gf180mcu_fd_sc_mcu9t5v0__nand2_ 
-------------------------------------------|-------------------------------------------
VSS                                        |VSS                                        
A2                                         |A2                                         
VPW                                        |VPW                                        
A1                                         |A1                                         
VDD                                        |VDD                                        
VNW                                        |VNW                                        
ZN                                         |ZN                                         
---------------------------------------------------------------------------------------
Cell pin lists are equivalent.
Device classes gf180mcu_fd_sc_mcu9t5v0__nand2_1$2 and gf180mcu_fd_sc_mcu9t5v0__nand2_1 are equivalent.

Subcircuit summary:
Circuit 1: gf180mcu_fd_sc_mcu9t5v0__inv_1$ |Circuit 2: gf180mcu_fd_sc_mcu9t5v0__inv_1  
-------------------------------------------|-------------------------------------------
pfet_05v0 (1)                              |pfet_05v0 (1)                              
nfet_05v0 (1)                              |nfet_05v0 (1)                              
Number of devices: 2                       |Number of devices: 2                       
Number of nets: 6                          |Number of nets: 6                          
---------------------------------------------------------------------------------------
Netlists match uniquely.

Subcircuit pins:
Circuit 1: gf180mcu_fd_sc_mcu9t5v0__inv_1$ |Circuit 2: gf180mcu_fd_sc_mcu9t5v0__inv_1  
-------------------------------------------|-------------------------------------------
VSS                                        |VSS                                        
VPW                                        |VPW                                        
VDD                                        |VDD                                        
VNW                                        |VNW                                        
ZN                                         |ZN                                         
I                                          |I                                          
---------------------------------------------------------------------------------------
Cell pin lists are equivalent.
Device classes gf180mcu_fd_sc_mcu9t5v0__inv_1$3 and gf180mcu_fd_sc_mcu9t5v0__inv_1 are equivalent.

Subcircuit summary:
Circuit 1: swmatrix_row_10                 |Circuit 2: swmatrix_row_10                 
-------------------------------------------|-------------------------------------------
ShiftReg_row_10_2$1 (1)                    |ShiftReg_row_10_2 (1)                      
gf180mcu_fd_sc_mcu9t5v0__inv_1$1 (10)      |gf180mcu_fd_sc_mcu9t5v0__inv_1 (10)        
nfet_03v3 (60->10)                         |nfet_03v3 (10)                             
pfet_03v3 (170->10)                        |pfet_03v3 (10)                             
Number of devices: 31                      |Number of devices: 31                      
Number of nets: 45 **Mismatch**            |Number of nets: 47 **Mismatch**            
---------------------------------------------------------------------------------------
NET mismatches: Class fragments follow (with fanout counts):
Circuit 1: swmatrix_row_10                 |Circuit 2: swmatrix_row_10                 

---------------------------------------------------------------------------------------
Net: vss                                   |Net: VSS                                   
  ShiftReg_row_10_2$1/VDD = 1              |  ShiftReg_row_10_2/VSS = 1                
  nfet_03v3/4 = 10                         |  nfet_03v3/4 = 10                         
  gf180mcu_fd_sc_mcu9t5v0__inv_1$1/VDD = 1 |  gf180mcu_fd_sc_mcu9t5v0__inv_1/VSS = 10  
  gf180mcu_fd_sc_mcu9t5v0__inv_1$1/VSS = 1 |  gf180mcu_fd_sc_mcu9t5v0__inv_1/VPW = 10  
  gf180mcu_fd_sc_mcu9t5v0__inv_1$1/VNW = 1 |                                           
  gf180mcu_fd_sc_mcu9t5v0__inv_1$1/VPW = 1 |                                           
  nfet_03v3/(1|3) = 10                     |                                           
  ShiftReg_row_10_2$1/VSS = 1              |                                           
  pfet_03v3/(1|3) = 10                     |                                           
  pfet_03v3/4 = 10                         |                                           
                                           |                                           
(no matching net)                          |Net: VDD                                   
                                           |  ShiftReg_row_10_2/VDD = 1                
                                           |  pfet_03v3/4 = 10                         
                                           |  gf180mcu_fd_sc_mcu9t5v0__inv_1/VDD = 10  
                                           |  gf180mcu_fd_sc_mcu9t5v0__inv_1/VNW = 10  
                                           |                                           
(no matching net)                          |Net: pin                                   
                                           |  nfet_03v3/(1|3) = 10                     
                                           |  pfet_03v3/(1|3) = 10                     
---------------------------------------------------------------------------------------
Netlists do not match.
Port matching may fail to disambiguate symmetries.
  Flattening non-matched subcircuits swmatrix_row_10 swmatrix_row_10

Subcircuit summary:
Circuit 1: En_clk_din                      |Circuit 2: En_clk_din                      
-------------------------------------------|-------------------------------------------
gf180mcu_fd_sc_mcu9t5v0__and2_1 (2)        |gf180mcu_fd_sc_mcu9t5v0__and2_1 (2)        
gf180mcu_fd_sc_mcu9t5v0__inv_1$5 (2)       |gf180mcu_fd_sc_mcu9t5v0__inv_1 (2)         
Number of devices: 4                       |Number of devices: 4                       
Number of nets: 9                          |Number of nets: 9                          
---------------------------------------------------------------------------------------
Resolving symmetries by property value.
Resolving symmetries by pin name.
Netlists match uniquely.

Subcircuit pins:
Circuit 1: En_clk_din                      |Circuit 2: En_clk_din                      
-------------------------------------------|-------------------------------------------
vdd                                        |VDD                                        
vss                                        |VSS                                        
d_in                                       |D_in                                       
clk                                        |clk                                        
data_in                                    |Data_in                                    
clock                                      |clock                                      
Enable                                     |enable                                     
---------------------------------------------------------------------------------------
Cell pin lists are equivalent.
Device classes En_clk_din and En_clk_din are equivalent.

Subcircuit summary:
Circuit 1: NO_ClkGen                       |Circuit 2: NO_ClkGen                       
-------------------------------------------|-------------------------------------------
gf180mcu_fd_sc_mcu9t5v0__nand2_1$2 (2)     |gf180mcu_fd_sc_mcu9t5v0__nand2_1 (2)       
gf180mcu_fd_sc_mcu9t5v0__inv_1$3 (18)      |gf180mcu_fd_sc_mcu9t5v0__inv_1 (18)        
Number of devices: 20                      |Number of devices: 20                      
Number of nets: 23                         |Number of nets: 23                         
---------------------------------------------------------------------------------------
Netlists match uniquely.

Subcircuit pins:
Circuit 1: NO_ClkGen                       |Circuit 2: NO_ClkGen                       
-------------------------------------------|-------------------------------------------
clk                                        |CLK                                        
vdd                                        |VDD                                        
vss                                        |VSS                                        
phi_1                                      |PHI_1                                      
phi_2                                      |PHI_2                                      
---------------------------------------------------------------------------------------
Cell pin lists are equivalent.
Device classes NO_ClkGen and NO_ClkGen are equivalent.

Subcircuit summary:
Circuit 1: swmatrix_24_by_10               |Circuit 2: swmatrix_24_by_10               
-------------------------------------------|-------------------------------------------
ShiftReg_row_10_2$1 (24)                   |ShiftReg_row_10_2 (24)                     
gf180mcu_fd_sc_mcu9t5v0__inv_1$1 (240)     |gf180mcu_fd_sc_mcu9t5v0__inv_1 (240)       
nfet_03v3 (1440->240)                      |nfet_03v3 (240)                            
pfet_03v3 (4080->240)                      |pfet_03v3 (240)                            
En_clk_din (1)                             |En_clk_din (1)                             
NO_ClkGen (1)                              |NO_ClkGen (1)                              
Number of devices: 746                     |Number of devices: 746                     
Number of nets: 738 **Mismatch**           |Number of nets: 763 **Mismatch**           
---------------------------------------------------------------------------------------
NET mismatches: Class fragments follow (with fanout counts):
Circuit 1: swmatrix_24_by_10               |Circuit 2: swmatrix_24_by_10               

---------------------------------------------------------------------------------------
Net: vss                                   |Net: VSS                                   
  ShiftReg_row_10_2$1/VDD = 24             |  ShiftReg_row_10_2/VSS = 24               
  nfet_03v3/4 = 240                        |  nfet_03v3/4 = 240                        
  gf180mcu_fd_sc_mcu9t5v0__inv_1$1/VDD = 2 |  gf180mcu_fd_sc_mcu9t5v0__inv_1/VSS = 240 
  gf180mcu_fd_sc_mcu9t5v0__inv_1$1/VSS = 2 |  gf180mcu_fd_sc_mcu9t5v0__inv_1/VPW = 240 
  NO_ClkGen/vss = 1                        |  NO_ClkGen/VSS = 1                        
  En_clk_din/vss = 1                       |  En_clk_din/VSS = 1                       
  nfet_03v3/(1|3) = 240                    |                                           
  ShiftReg_row_10_2$1/VSS = 24             |                                           
  pfet_03v3/(1|3) = 240                    |                                           
  pfet_03v3/4 = 240                        |                                           
  En_clk_din/vdd = 1                       |                                           
  gf180mcu_fd_sc_mcu9t5v0__inv_1$1/VPW = 2 |                                           
  NO_ClkGen/vdd = 1                        |                                           
  gf180mcu_fd_sc_mcu9t5v0__inv_1$1/VNW = 2 |                                           
                                           |                                           
(no matching net)                          |Net: VDD                                   
                                           |  ShiftReg_row_10_2/VDD = 24               
                                           |  pfet_03v3/4 = 240                        
                                           |  gf180mcu_fd_sc_mcu9t5v0__inv_1/VDD = 240 
                                           |  gf180mcu_fd_sc_mcu9t5v0__inv_1/VNW = 240 
                                           |  NO_ClkGen/VDD = 1                        
                                           |  En_clk_din/VDD = 1                       
                                           |                                           
(no matching net)                          |Net: PIN[1]                                
                                           |  nfet_03v3/(1|3) = 10                     
                                           |  pfet_03v3/(1|3) = 10                     
                                           |                                           
(no matching net)                          |Net: PIN[2]                                
                                           |  nfet_03v3/(1|3) = 10                     
                                           |  pfet_03v3/(1|3) = 10                     
                                           |                                           
(no matching net)                          |Net: PIN[3]                                
                                           |  nfet_03v3/(1|3) = 10                     
                                           |  pfet_03v3/(1|3) = 10                     
                                           |                                           
(no matching net)                          |Net: PIN[4]                                
                                           |  nfet_03v3/(1|3) = 10                     
                                           |  pfet_03v3/(1|3) = 10                     
                                           |                                           
(no matching net)                          |Net: PIN[5]                                
                                           |  nfet_03v3/(1|3) = 10                     
                                           |  pfet_03v3/(1|3) = 10                     
                                           |                                           
(no matching net)                          |Net: PIN[6]                                
                                           |  nfet_03v3/(1|3) = 10                     
                                           |  pfet_03v3/(1|3) = 10                     
                                           |                                           
(no matching net)                          |Net: PIN[7]                                
                                           |  nfet_03v3/(1|3) = 10                     
                                           |  pfet_03v3/(1|3) = 10                     
                                           |                                           
(no matching net)                          |Net: PIN[8]                                
                                           |  nfet_03v3/(1|3) = 10                     
                                           |  pfet_03v3/(1|3) = 10                     
                                           |                                           
(no matching net)                          |Net: PIN[9]                                
                                           |  nfet_03v3/(1|3) = 10                     
                                           |  pfet_03v3/(1|3) = 10                     
                                           |                                           
(no matching net)                          |Net: PIN[10]                               
                                           |  nfet_03v3/(1|3) = 10                     
                                           |  pfet_03v3/(1|3) = 10                     
                                           |                                           
(no matching net)                          |Net: PIN[11]                               
                                           |  nfet_03v3/(1|3) = 10                     
                                           |  pfet_03v3/(1|3) = 10                     
                                           |                                           
(no matching net)                          |Net: PIN[12]                               
                                           |  nfet_03v3/(1|3) = 10                     
                                           |  pfet_03v3/(1|3) = 10                     
                                           |                                           
(no matching net)                          |Net: PIN[13]                               
                                           |  nfet_03v3/(1|3) = 10                     
                                           |  pfet_03v3/(1|3) = 10                     
                                           |                                           
(no matching net)                          |Net: PIN[14]                               
                                           |  nfet_03v3/(1|3) = 10                     
                                           |  pfet_03v3/(1|3) = 10                     
                                           |                                           
(no matching net)                          |Net: PIN[15]                               
                                           |  nfet_03v3/(1|3) = 10                     
                                           |  pfet_03v3/(1|3) = 10                     
                                           |                                           
(no matching net)                          |Net: PIN[16]                               
                                           |  nfet_03v3/(1|3) = 10                     
                                           |  pfet_03v3/(1|3) = 10                     
                                           |                                           
(no matching net)                          |Net: PIN[17]                               
                                           |  nfet_03v3/(1|3) = 10                     
                                           |  pfet_03v3/(1|3) = 10                     
                                           |                                           
(no matching net)                          |Net: PIN[18]                               
                                           |  nfet_03v3/(1|3) = 10                     
                                           |  pfet_03v3/(1|3) = 10                     
                                           |                                           
(no matching net)                          |Net: PIN[19]                               
                                           |  nfet_03v3/(1|3) = 10                     
                                           |  pfet_03v3/(1|3) = 10                     
                                           |                                           
(no matching net)                          |Net: PIN[20]                               
                                           |  nfet_03v3/(1|3) = 10                     
                                           |  pfet_03v3/(1|3) = 10                     
                                           |                                           
(no matching net)                          |Net: PIN[21]                               
                                           |  nfet_03v3/(1|3) = 10                     
                                           |  pfet_03v3/(1|3) = 10                     
                                           |                                           
(no matching net)                          |Net: PIN[22]                               
                                           |  nfet_03v3/(1|3) = 10                     
                                           |  pfet_03v3/(1|3) = 10                     
                                           |                                           
(no matching net)                          |Net: PIN[23]                               
                                           |  nfet_03v3/(1|3) = 10                     
                                           |  pfet_03v3/(1|3) = 10                     
                                           |                                           
(no matching net)                          |Net: PIN[24]                               
                                           |  nfet_03v3/(1|3) = 10                     
                                           |  pfet_03v3/(1|3) = 10                     
---------------------------------------------------------------------------------------
Netlists do not match.
Port matching may fail to disambiguate symmetries.

Subcircuit pins:
Circuit 1: swmatrix_24_by_10               |Circuit 2: swmatrix_24_by_10               
-------------------------------------------|-------------------------------------------
vss                                        |VDD **Mismatch**                           
D_out                                      |D_out                                      
clk                                        |clk                                        
d_in                                       |D_in                                       
Enable                                     |enable                                     
BUS[1]                                     |BUS[1]                                     
BUS[3]                                     |BUS[3]                                     
BUS[4]                                     |BUS[4]                                     
BUS[10]                                    |BUS[10]                                    
BUS[9]                                     |BUS[9]                                     
BUS[8]                                     |BUS[8]                                     
BUS[7]                                     |BUS[7]                                     
BUS[6]                                     |BUS[6]                                     
BUS[5]                                     |BUS[5]                                     
BUS[2]                                     |BUS[2]                                     
(no pin, node is vss)                      |PIN[1]                                     
(no pin, node is vss)                      |PIN[2]                                     
(no pin, node is vss)                      |PIN[3]                                     
(no pin, node is vss)                      |PIN[4]                                     
(no pin, node is vss)                      |PIN[5]                                     
(no pin, node is vss)                      |PIN[6]                                     
(no pin, node is vss)                      |PIN[7]                                     
(no pin, node is vss)                      |PIN[8]                                     
(no pin, node is vss)                      |PIN[9]                                     
(no pin, node is vss)                      |PIN[10]                                    
(no pin, node is vss)                      |PIN[11]                                    
(no pin, node is vss)                      |PIN[12]                                    
(no pin, node is vss)                      |PIN[13]                                    
(no pin, node is vss)                      |PIN[14]                                    
(no pin, node is vss)                      |PIN[15]                                    
(no pin, node is vss)                      |PIN[16]                                    
(no pin, node is vss)                      |PIN[17]                                    
(no pin, node is vss)                      |PIN[18]                                    
(no pin, node is vss)                      |PIN[19]                                    
(no pin, node is vss)                      |PIN[20]                                    
(no pin, node is vss)                      |PIN[21]                                    
(no pin, node is vss)                      |PIN[22]                                    
(no pin, node is vss)                      |PIN[23]                                    
(no pin, node is vss)                      |PIN[24]                                    
(no pin, node is vss)                      |VSS                                        
---------------------------------------------------------------------------------------
Cell pin lists for swmatrix_24_by_10 and swmatrix_24_by_10 altered to match.
Device classes swmatrix_24_by_10 and swmatrix_24_by_10 are equivalent.

Final result: Top level cell failed pin matching.
