
Circuit 1 cell ppolyf_u and Circuit 2 cell ppolyf_u are black boxes.
Warning: Equate pins:  cell ppolyf_u is a placeholder, treated as a black box.
Warning: Equate pins:  cell ppolyf_u is a placeholder, treated as a black box.

Subcircuit pins:
Circuit 1: ppolyf_u                        |Circuit 2: ppolyf_u                        
-------------------------------------------|-------------------------------------------
1                                          |1                                          
2                                          |2                                          
3                                          |3                                          
---------------------------------------------------------------------------------------
Cell pin lists are equivalent.
Device classes ppolyf_u and ppolyf_u are equivalent.
Flattening unmatched subcell ppolyf_u_resistor$4 in circuit vdiv (0)(1 instance)
Flattening unmatched subcell ppolyf_u_resistor$2 in circuit vdiv (0)(2 instances)
Flattening unmatched subcell ppolyf_u_resistor in circuit vdiv (0)(3 instances)
Flattening unmatched subcell ppolyf_u_resistor$3 in circuit vdiv (0)(1 instance)
Flattening unmatched subcell ppolyf_u_resistor$1 in circuit vdiv (0)(1 instance)

Subcircuit summary:
Circuit 1: vdiv                            |Circuit 2: vdiv                            
-------------------------------------------|-------------------------------------------
ppolyf_u (8)                               |ppolyf_u (8)                               
Number of devices: 8                       |Number of devices: 8                       
Number of nets: 6                          |Number of nets: 6                          
---------------------------------------------------------------------------------------
Resolving symmetries by property value.
Netlists match uniquely.

Subcircuit pins:
Circuit 1: vdiv                            |Circuit 2: vdiv                            
-------------------------------------------|-------------------------------------------
vspike_up                                  |vspike_up                                  
vref                                       |vref                                       
vspike_down                                |vspike_down                                
vres                                       |vres                                       
vss                                        |vss                                        
vdd                                        |vdd                                        
---------------------------------------------------------------------------------------
Cell pin lists are equivalent.
Device classes vdiv and vdiv are equivalent.

Final result: Circuits match uniquely.
.
